fffc r  0
fffd r 80
8000 r a2
8001 r ff
8002 r 9a
8003 r a9
8004 r ff
8005 r 8d
8006 r  2
8007 r 70
7002 W ff
8008 r a9
8009 r ff
800a r 8d
800b r  3
800c r 70
7003 W ff
800d r a9
800e r 38
800f r 20
8010 r 6d
8011 r 80
 1ff W 80
 1fe W 11
806d r 20
806e r 4a
806f r 80
 1fd W 80
 1fc W 6f
804a r 48
 1fb W 38
804b r a9
804c r  0
804d r 8d
804e r  2
804f r 70
7002 W  0
8050 r a9
8051 r 40
8052 r 8d
8053 r  1
8054 r 70
7001 W 40
8055 r a9
8056 r c0
8057 r 8d
8058 r  1
8059 r 70
7001 W c0
805a r ad
805b r  0
805c r 70
7000 r  0
805d r 29
805e r 80
805f r d0
8060 r ef
8061 r a9
8062 r 40
8063 r 8d
8064 r  1
8065 r 70
7001 W 40
8066 r a9
8067 r ff
8068 r 8d
8069 r  2
806a r 70
7002 W ff
806b r 68
 1fb r 38
806c r 60
 1fc r 6f
 1fd r 80
8070 r 8d
8071 r  0
8072 r 70
7000 W 38
8073 r 48
 1fd W 38
8074 r a9
8075 r  0
8076 r 8d
8077 r  1
8078 r 70
7001 W  0
8079 r a9
807a r 80
807b r 8d
807c r  1
807d r 70
7001 W 80
807e r a9
807f r  0
8080 r 8d
8081 r  1
8082 r 70
7001 W  0
8083 r 68
 1fd r 38
8084 r 60
 1fe r 11
 1ff r 80
8012 r a9
8013 r  e
8014 r 20
8015 r 6d
8016 r 80
 1ff W 80
 1fe W 16
806d r 20
806e r 4a
806f r 80
 1fd W 80
 1fc W 6f
804a r 48
 1fb W  e
804b r a9
804c r  0
804d r 8d
804e r  2
804f r 70
7002 W  0
8050 r a9
8051 r 40
8052 r 8d
8053 r  1
8054 r 70
7001 W 40
8055 r a9
8056 r c0
8057 r 8d
8058 r  1
8059 r 70
7001 W c0
805a r ad
805b r  0
805c r 70
7000 r 38
805d r 29
805e r 80
805f r d0
8060 r ef
8061 r a9
8062 r 40
8063 r 8d
8064 r  1
8065 r 70
7001 W 40
8066 r a9
8067 r ff
8068 r 8d
8069 r  2
806a r 70
7002 W ff
806b r 68
 1fb r  e
806c r 60
 1fc r 6f
 1fd r 80
8070 r 8d
8071 r  0
8072 r 70
7000 W  e
8073 r 48
 1fd W  e
8074 r a9
8075 r  0
8076 r 8d
8077 r  1
8078 r 70
7001 W  0
8079 r a9
807a r 80
807b r 8d
807c r  1
807d r 70
7001 W 80
807e r a9
807f r  0
8080 r 8d
8081 r  1
8082 r 70
7001 W  0
8083 r 68
 1fd r  e
8084 r 60
 1fe r 16
 1ff r 80
8017 r a9
8018 r  6
8019 r 20
801a r 6d
801b r 80
 1ff W 80
 1fe W 1b
806d r 20
806e r 4a
806f r 80
 1fd W 80
 1fc W 6f
804a r 48
 1fb W  6
804b r a9
804c r  0
804d r 8d
804e r  2
804f r 70
7002 W  0
8050 r a9
8051 r 40
8052 r 8d
8053 r  1
8054 r 70
7001 W 40
8055 r a9
8056 r c0
8057 r 8d
8058 r  1
8059 r 70
7001 W c0
805a r ad
805b r  0
805c r 70
7000 r  e
805d r 29
805e r 80
805f r d0
8060 r ef
8061 r a9
8062 r 40
8063 r 8d
8064 r  1
8065 r 70
7001 W 40
8066 r a9
8067 r ff
8068 r 8d
8069 r  2
806a r 70
7002 W ff
806b r 68
 1fb r  6
806c r 60
 1fc r 6f
 1fd r 80
8070 r 8d
8071 r  0
8072 r 70
7000 W  6
8073 r 48
 1fd W  6
8074 r a9
8075 r  0
8076 r 8d
8077 r  1
8078 r 70
7001 W  0
8079 r a9
807a r 80
807b r 8d
807c r  1
807d r 70
7001 W 80
807e r a9
807f r  0
8080 r 8d
8081 r  1
8082 r 70
7001 W  0
8083 r 68
 1fd r  6
8084 r 60
 1fe r 1b
 1ff r 80
801c r a9
801d r  1
801e r 20
801f r 6d
8020 r 80
 1ff W 80
 1fe W 20
806d r 20
806e r 4a
806f r 80
 1fd W 80
 1fc W 6f
804a r 48
 1fb W  1
804b r a9
804c r  0
804d r 8d
804e r  2
804f r 70
7002 W  0
8050 r a9
8051 r 40
8052 r 8d
8053 r  1
8054 r 70
7001 W 40
8055 r a9
8056 r c0
8057 r 8d
8058 r  1
8059 r 70
7001 W c0
805a r ad
805b r  0
805c r 70
7000 r  6
805d r 29
805e r 80
805f r d0
8060 r ef
8061 r a9
8062 r 40
8063 r 8d
8064 r  1
8065 r 70
7001 W 40
8066 r a9
8067 r ff
8068 r 8d
8069 r  2
806a r 70
7002 W ff
806b r 68
 1fb r  1
806c r 60
 1fc r 6f
 1fd r 80
8070 r 8d
8071 r  0
8072 r 70
7000 W  1
8073 r 48
 1fd W  1
8074 r a9
8075 r  0
8076 r 8d
8077 r  1
8078 r 70
7001 W  0
8079 r a9
807a r 80
807b r 8d
807c r  1
807d r 70
7001 W 80
807e r a9
807f r  0
8080 r 8d
8081 r  1
8082 r 70
7001 W  0
8083 r 68
 1fd r  1
8084 r 60
 1fe r 20
 1ff r 80
8021 r a2
8022 r  0
8023 r bd
8024 r 85
8025 r 80
8085 r 48
8026 r f0
8027 r  7
8028 r 20
8029 r 32
802a r 80
 1ff W 80
 1fe W 2a
8032 r 20
8033 r 4a
8034 r 80
 1fd W 80
 1fc W 34
804a r 48
 1fb W 48
804b r a9
804c r  0
804d r 8d
804e r  2
804f r 70
7002 W  0
8050 r a9
8051 r 40
8052 r 8d
8053 r  1
8054 r 70
7001 W 40
8055 r a9
8056 r c0
8057 r 8d
8058 r  1
8059 r 70
7001 W c0
805a r ad
805b r  0
805c r 70
7000 r  1
805d r 29
805e r 80
805f r d0
8060 r ef
8061 r a9
8062 r 40
8063 r 8d
8064 r  1
8065 r 70
7001 W 40
8066 r a9
8067 r ff
8068 r 8d
8069 r  2
806a r 70
7002 W ff
806b r 68
 1fb r 48
806c r 60
 1fc r 34
 1fd r 80
8035 r 8d
8036 r  0
8037 r 70
7000 W 48
8038 r 48
 1fd W 48
8039 r a9
803a r 20
803b r 8d
803c r  1
803d r 70
7001 W 20
803e r a9
803f r a0
8040 r 8d
8041 r  1
8042 r 70
7001 W a0
8043 r a9
8044 r  0
8045 r 8d
8046 r  1
8047 r 70
7001 W  0
8048 r 68
 1fd r 48
8049 r 60
 1fe r 2a
 1ff r 80
802b r e8
802c r 4c
802d r 23
802e r 80
8023 r bd
8024 r 85
8025 r 80
8086 r 65
8026 r f0
8027 r  7
8028 r 20
8029 r 32
802a r 80
 1ff W 80
 1fe W 2a
8032 r 20
8033 r 4a
8034 r 80
 1fd W 80
 1fc W 34
804a r 48
 1fb W 65
804b r a9
804c r  0
804d r 8d
804e r  2
804f r 70
7002 W  0
8050 r a9
8051 r 40
8052 r 8d
8053 r  1
8054 r 70
7001 W 40
8055 r a9
8056 r c0
8057 r 8d
8058 r  1
8059 r 70
7001 W c0
805a r ad
805b r  0
805c r 70
7000 r 48
805d r 29
805e r 80
805f r d0
8060 r ef
8061 r a9
8062 r 40
8063 r 8d
8064 r  1
8065 r 70
7001 W 40
8066 r a9
8067 r ff
8068 r 8d
8069 r  2
806a r 70
7002 W ff
806b r 68
 1fb r 65
806c r 60
 1fc r 34
 1fd r 80
8035 r 8d
8036 r  0
8037 r 70
7000 W 65
8038 r 48
 1fd W 65
8039 r a9
803a r 20
803b r 8d
803c r  1
803d r 70
7001 W 20
803e r a9
803f r a0
8040 r 8d
8041 r  1
8042 r 70
7001 W a0
8043 r a9
8044 r  0
8045 r 8d
8046 r  1
8047 r 70
7001 W  0
8048 r 68
 1fd r 65
8049 r 60
 1fe r 2a
 1ff r 80
802b r e8
802c r 4c
802d r 23
802e r 80
8023 r bd
8024 r 85
8025 r 80
8087 r 6c
8026 r f0
8027 r  7
8028 r 20
8029 r 32
802a r 80
 1ff W 80
 1fe W 2a
8032 r 20
8033 r 4a
8034 r 80
 1fd W 80
 1fc W 34
804a r 48
 1fb W 6c
804b r a9
804c r  0
804d r 8d
804e r  2
804f r 70
7002 W  0
8050 r a9
8051 r 40
8052 r 8d
8053 r  1
8054 r 70
7001 W 40
8055 r a9
8056 r c0
8057 r 8d
8058 r  1
8059 r 70
7001 W c0
805a r ad
805b r  0
805c r 70
7000 r 65
805d r 29
805e r 80
805f r d0
8060 r ef
8061 r a9
8062 r 40
8063 r 8d
8064 r  1
8065 r 70
7001 W 40
8066 r a9
8067 r ff
8068 r 8d
8069 r  2
806a r 70
7002 W ff
806b r 68
 1fb r 6c
806c r 60
 1fc r 34
 1fd r 80
8035 r 8d
8036 r  0
8037 r 70
7000 W 6c
8038 r 48
 1fd W 6c
8039 r a9
803a r 20
803b r 8d
803c r  1
803d r 70
7001 W 20
803e r a9
803f r a0
8040 r 8d
8041 r  1
8042 r 70
7001 W a0
8043 r a9
8044 r  0
8045 r 8d
8046 r  1
8047 r 70
7001 W  0
8048 r 68
 1fd r 6c
8049 r 60
 1fe r 2a
 1ff r 80
802b r e8
802c r 4c
802d r 23
802e r 80
8023 r bd
8024 r 85
8025 r 80
8088 r 6c
8026 r f0
8027 r  7
8028 r 20
8029 r 32
802a r 80
 1ff W 80
 1fe W 2a
8032 r 20
8033 r 4a
8034 r 80
 1fd W 80
 1fc W 34
804a r 48
 1fb W 6c
804b r a9
804c r  0
804d r 8d
804e r  2
804f r 70
7002 W  0
8050 r a9
8051 r 40
8052 r 8d
8053 r  1
8054 r 70
7001 W 40
8055 r a9
8056 r c0
8057 r 8d
8058 r  1
8059 r 70
7001 W c0
805a r ad
805b r  0
805c r 70
7000 r 6c
805d r 29
805e r 80
805f r d0
8060 r ef
8061 r a9
8062 r 40
8063 r 8d
8064 r  1
8065 r 70
7001 W 40
8066 r a9
8067 r ff
8068 r 8d
8069 r  2
806a r 70
7002 W ff
806b r 68
 1fb r 6c
806c r 60
 1fc r 34
 1fd r 80
8035 r 8d
8036 r  0
8037 r 70
7000 W 6c
8038 r 48
 1fd W 6c
8039 r a9
803a r 20
803b r 8d
803c r  1
803d r 70
7001 W 20
803e r a9
803f r a0
8040 r 8d
8041 r  1
8042 r 70
7001 W a0
8043 r a9
8044 r  0
8045 r 8d
8046 r  1
8047 r 70
7001 W  0
8048 r 68
 1fd r 6c
8049 r 60
 1fe r 2a
 1ff r 80
802b r e8
802c r 4c
802d r 23
802e r 80
8023 r bd
8024 r 85
8025 r 80
8089 r 6f
8026 r f0
8027 r  7
8028 r 20
8029 r 32
802a r 80
 1ff W 80
 1fe W 2a
8032 r 20
8033 r 4a
8034 r 80
 1fd W 80
 1fc W 34
804a r 48
 1fb W 6f
804b r a9
804c r  0
804d r 8d
804e r  2
804f r 70
7002 W  0
8050 r a9
8051 r 40
8052 r 8d
8053 r  1
8054 r 70
7001 W 40
8055 r a9
8056 r c0
8057 r 8d
8058 r  1
8059 r 70
7001 W c0
805a r ad
805b r  0
805c r 70
7000 r 6c
805d r 29
805e r 80
805f r d0
8060 r ef
8061 r a9
8062 r 40
8063 r 8d
8064 r  1
8065 r 70
7001 W 40
8066 r a9
8067 r ff
8068 r 8d
8069 r  2
806a r 70
7002 W ff
806b r 68
 1fb r 6f
806c r 60
 1fc r 34
 1fd r 80
8035 r 8d
8036 r  0
8037 r 70
7000 W 6f
8038 r 48
 1fd W 6f
8039 r a9
803a r 20
803b r 8d
803c r  1
803d r 70
7001 W 20
803e r a9
803f r a0
8040 r 8d
8041 r  1
8042 r 70
7001 W a0
8043 r a9
8044 r  0
8045 r 8d
8046 r  1
8047 r 70
7001 W  0
8048 r 68
 1fd r 6f
8049 r 60
 1fe r 2a
 1ff r 80
802b r e8
802c r 4c
802d r 23
802e r 80
8023 r bd
8024 r 85
8025 r 80
808a r 2c
8026 r f0
8027 r  7
8028 r 20
8029 r 32
802a r 80
 1ff W 80
 1fe W 2a
8032 r 20
8033 r 4a
8034 r 80
 1fd W 80
 1fc W 34
804a r 48
 1fb W 2c
804b r a9
804c r  0
804d r 8d
804e r  2
804f r 70
7002 W  0
8050 r a9
8051 r 40
8052 r 8d
8053 r  1
8054 r 70
7001 W 40
8055 r a9
8056 r c0
8057 r 8d
8058 r  1
8059 r 70
7001 W c0
805a r ad
805b r  0
805c r 70
7000 r 6f
805d r 29
805e r 80
805f r d0
8060 r ef
8061 r a9
8062 r 40
8063 r 8d
8064 r  1
8065 r 70
7001 W 40
8066 r a9
8067 r ff
8068 r 8d
8069 r  2
806a r 70
7002 W ff
806b r 68
 1fb r 2c
806c r 60
 1fc r 34
 1fd r 80
8035 r 8d
8036 r  0
8037 r 70
7000 W 2c
8038 r 48
 1fd W 2c
8039 r a9
803a r 20
803b r 8d
803c r  1
803d r 70
7001 W 20
803e r a9
803f r a0
8040 r 8d
8041 r  1
8042 r 70
7001 W a0
8043 r a9
8044 r  0
8045 r 8d
8046 r  1
8047 r 70
7001 W  0
8048 r 68
 1fd r 2c
8049 r 60
 1fe r 2a
 1ff r 80
802b r e8
802c r 4c
802d r 23
802e r 80
8023 r bd
8024 r 85
8025 r 80
808b r 20
8026 r f0
8027 r  7
8028 r 20
8029 r 32
802a r 80
 1ff W 80
 1fe W 2a
8032 r 20
8033 r 4a
8034 r 80
 1fd W 80
 1fc W 34
804a r 48
 1fb W 20
804b r a9
804c r  0
804d r 8d
804e r  2
804f r 70
7002 W  0
8050 r a9
8051 r 40
8052 r 8d
8053 r  1
8054 r 70
7001 W 40
8055 r a9
8056 r c0
8057 r 8d
8058 r  1
8059 r 70
7001 W c0
805a r ad
805b r  0
805c r 70
7000 r 2c
805d r 29
805e r 80
805f r d0
8060 r ef
8061 r a9
8062 r 40
8063 r 8d
8064 r  1
8065 r 70
7001 W 40
8066 r a9
8067 r ff
8068 r 8d
8069 r  2
806a r 70
7002 W ff
806b r 68
 1fb r 20
806c r 60
 1fc r 34
 1fd r 80
8035 r 8d
8036 r  0
8037 r 70
7000 W 20
8038 r 48
 1fd W 20
8039 r a9
803a r 20
803b r 8d
803c r  1
803d r 70
7001 W 20
803e r a9
803f r a0
8040 r 8d
8041 r  1
8042 r 70
7001 W a0
8043 r a9
8044 r  0
8045 r 8d
8046 r  1
8047 r 70
7001 W  0
8048 r 68
 1fd r 20
8049 r 60
 1fe r 2a
 1ff r 80
802b r e8
802c r 4c
802d r 23
802e r 80
8023 r bd
8024 r 85
8025 r 80
808c r 77
8026 r f0
8027 r  7
8028 r 20
8029 r 32
802a r 80
 1ff W 80
 1fe W 2a
8032 r 20
8033 r 4a
8034 r 80
 1fd W 80
 1fc W 34
804a r 48
 1fb W 77
804b r a9
804c r  0
804d r 8d
804e r  2
804f r 70
7002 W  0
8050 r a9
8051 r 40
8052 r 8d
8053 r  1
8054 r 70
7001 W 40
8055 r a9
8056 r c0
8057 r 8d
8058 r  1
8059 r 70
7001 W c0
805a r ad
805b r  0
805c r 70
7000 r 20
805d r 29
805e r 80
805f r d0
8060 r ef
8061 r a9
8062 r 40
8063 r 8d
8064 r  1
8065 r 70
7001 W 40
8066 r a9
8067 r ff
8068 r 8d
8069 r  2
806a r 70
7002 W ff
806b r 68
 1fb r 77
806c r 60
 1fc r 34
 1fd r 80
8035 r 8d
8036 r  0
8037 r 70
7000 W 77
8038 r 48
 1fd W 77
8039 r a9
803a r 20
803b r 8d
803c r  1
803d r 70
7001 W 20
803e r a9
803f r a0
8040 r 8d
8041 r  1
8042 r 70
7001 W a0
8043 r a9
8044 r  0
8045 r 8d
8046 r  1
8047 r 70
7001 W  0
8048 r 68
 1fd r 77
8049 r 60
 1fe r 2a
 1ff r 80
802b r e8
802c r 4c
802d r 23
802e r 80
8023 r bd
8024 r 85
8025 r 80
808d r 6f
8026 r f0
8027 r  7
8028 r 20
8029 r 32
802a r 80
 1ff W 80
 1fe W 2a
8032 r 20
8033 r 4a
8034 r 80
 1fd W 80
 1fc W 34
804a r 48
 1fb W 6f
804b r a9
804c r  0
804d r 8d
804e r  2
804f r 70
7002 W  0
8050 r a9
8051 r 40
8052 r 8d
8053 r  1
8054 r 70
7001 W 40
8055 r a9
8056 r c0
8057 r 8d
8058 r  1
8059 r 70
7001 W c0
805a r ad
805b r  0
805c r 70
7000 r 77
805d r 29
805e r 80
805f r d0
8060 r ef
8061 r a9
8062 r 40
8063 r 8d
8064 r  1
8065 r 70
7001 W 40
8066 r a9
8067 r ff
8068 r 8d
8069 r  2
806a r 70
7002 W ff
806b r 68
 1fb r 6f
806c r 60
 1fc r 34
 1fd r 80
8035 r 8d
8036 r  0
8037 r 70
7000 W 6f
8038 r 48
 1fd W 6f
8039 r a9
803a r 20
803b r 8d
803c r  1
803d r 70
7001 W 20
803e r a9
803f r a0
8040 r 8d
8041 r  1
8042 r 70
7001 W a0
8043 r a9
8044 r  0
8045 r 8d
8046 r  1
8047 r 70
7001 W  0
8048 r 68
 1fd r 6f
8049 r 60
 1fe r 2a
 1ff r 80
802b r e8
802c r 4c
802d r 23
802e r 80
8023 r bd
8024 r 85
8025 r 80
808e r 72
8026 r f0
8027 r  7
8028 r 20
8029 r 32
802a r 80
 1ff W 80
 1fe W 2a
8032 r 20
8033 r 4a
8034 r 80
 1fd W 80
 1fc W 34
804a r 48
 1fb W 72
804b r a9
804c r  0
804d r 8d
804e r  2
804f r 70
7002 W  0
8050 r a9
8051 r 40
8052 r 8d
8053 r  1
8054 r 70
7001 W 40
8055 r a9
8056 r c0
8057 r 8d
8058 r  1
8059 r 70
7001 W c0
805a r ad
805b r  0
805c r 70
7000 r 6f
805d r 29
805e r 80
805f r d0
8060 r ef
8061 r a9
8062 r 40
8063 r 8d
8064 r  1
8065 r 70
7001 W 40
8066 r a9
8067 r ff
8068 r 8d
8069 r  2
806a r 70
7002 W ff
806b r 68
 1fb r 72
806c r 60
 1fc r 34
 1fd r 80
8035 r 8d
8036 r  0
8037 r 70
7000 W 72
8038 r 48
 1fd W 72
8039 r a9
803a r 20
803b r 8d
803c r  1
803d r 70
7001 W 20
803e r a9
803f r a0
8040 r 8d
8041 r  1
8042 r 70
7001 W a0
8043 r a9
8044 r  0
8045 r 8d
8046 r  1
8047 r 70
7001 W  0
8048 r 68
 1fd r 72
8049 r 60
 1fe r 2a
 1ff r 80
802b r e8
802c r 4c
802d r 23
802e r 80
8023 r bd
8024 r 85
8025 r 80
808f r 6c
8026 r f0
8027 r  7
8028 r 20
8029 r 32
802a r 80
 1ff W 80
 1fe W 2a
8032 r 20
8033 r 4a
8034 r 80
 1fd W 80
 1fc W 34
804a r 48
 1fb W 6c
804b r a9
804c r  0
804d r 8d
804e r  2
804f r 70
7002 W  0
8050 r a9
8051 r 40
8052 r 8d
8053 r  1
8054 r 70
7001 W 40
8055 r a9
8056 r c0
8057 r 8d
8058 r  1
8059 r 70
7001 W c0
805a r ad
805b r  0
805c r 70
7000 r 72
805d r 29
805e r 80
805f r d0
8060 r ef
8061 r a9
8062 r 40
8063 r 8d
8064 r  1
8065 r 70
7001 W 40
8066 r a9
8067 r ff
8068 r 8d
8069 r  2
806a r 70
7002 W ff
806b r 68
 1fb r 6c
806c r 60
 1fc r 34
 1fd r 80
8035 r 8d
8036 r  0
8037 r 70
7000 W 6c
8038 r 48
 1fd W 6c
8039 r a9
803a r 20
803b r 8d
803c r  1
803d r 70
7001 W 20
803e r a9
803f r a0
8040 r 8d
8041 r  1
8042 r 70
7001 W a0
8043 r a9
8044 r  0
8045 r 8d
8046 r  1
8047 r 70
7001 W  0
8048 r 68
 1fd r 6c
8049 r 60
 1fe r 2a
 1ff r 80
802b r e8
802c r 4c
802d r 23
802e r 80
8023 r bd
8024 r 85
8025 r 80
8090 r 64
8026 r f0
8027 r  7
8028 r 20
8029 r 32
802a r 80
 1ff W 80
 1fe W 2a
8032 r 20
8033 r 4a
8034 r 80
 1fd W 80
 1fc W 34
804a r 48
 1fb W 64
804b r a9
804c r  0
804d r 8d
804e r  2
804f r 70
7002 W  0
8050 r a9
8051 r 40
8052 r 8d
8053 r  1
8054 r 70
7001 W 40
8055 r a9
8056 r c0
8057 r 8d
8058 r  1
8059 r 70
7001 W c0
805a r ad
805b r  0
805c r 70
7000 r 6c
805d r 29
805e r 80
805f r d0
8060 r ef
8061 r a9
8062 r 40
8063 r 8d
8064 r  1
8065 r 70
7001 W 40
8066 r a9
8067 r ff
8068 r 8d
8069 r  2
806a r 70
7002 W ff
806b r 68
 1fb r 64
806c r 60
 1fc r 34
 1fd r 80
8035 r 8d
8036 r  0
8037 r 70
7000 W 64
8038 r 48
 1fd W 64
8039 r a9
803a r 20
803b r 8d
803c r  1
803d r 70
7001 W 20
803e r a9
803f r a0
8040 r 8d
8041 r  1
8042 r 70
7001 W a0
8043 r a9
8044 r  0
8045 r 8d
8046 r  1
8047 r 70
7001 W  0
8048 r 68
 1fd r 64
8049 r 60
 1fe r 2a
 1ff r 80
802b r e8
802c r 4c
802d r 23
802e r 80
8023 r bd
8024 r 85
8025 r 80
8091 r 21
8026 r f0
8027 r  7
8028 r 20
8029 r 32
802a r 80
 1ff W 80
 1fe W 2a
8032 r 20
8033 r 4a
8034 r 80
 1fd W 80
 1fc W 34
804a r 48
 1fb W 21
804b r a9
804c r  0
804d r 8d
804e r  2
804f r 70
7002 W  0
8050 r a9
8051 r 40
8052 r 8d
8053 r  1
8054 r 70
7001 W 40
8055 r a9
8056 r c0
8057 r 8d
8058 r  1
8059 r 70
7001 W c0
805a r ad
805b r  0
805c r 70
7000 r 64
805d r 29
805e r 80
805f r d0
8060 r ef
8061 r a9
8062 r 40
8063 r 8d
8064 r  1
8065 r 70
7001 W 40
8066 r a9
8067 r ff
8068 r 8d
8069 r  2
806a r 70
7002 W ff
806b r 68
 1fb r 21
806c r 60
 1fc r 34
 1fd r 80
8035 r 8d
8036 r  0
8037 r 70
7000 W 21
8038 r 48
 1fd W 21
8039 r a9
803a r 20
803b r 8d
803c r  1
803d r 70
7001 W 20
803e r a9
803f r a0
8040 r 8d
8041 r  1
8042 r 70
7001 W a0
8043 r a9
8044 r  0
8045 r 8d
8046 r  1
8047 r 70
7001 W  0
8048 r 68
 1fd r 21
8049 r 60
 1fe r 2a
 1ff r 80
802b r e8
802c r 4c
802d r 23
802e r 80
8023 r bd
8024 r 85
8025 r 80
8092 r  0
8026 r f0
8027 r  7
802f r 20
8030 r 1c
8031 r 80
 1ff W 80
 1fe W 31
801c r a9
801d r  1
801e r 20
801f r 6d
8020 r 80
 1fd W 80
 1fc W 20
806d r 20
806e r 4a
806f r 80
 1fb W 80
 1fa W 6f
804a r 48
 1f9 W  1
804b r a9
804c r  0
804d r 8d
804e r  2
804f r 70
7002 W  0
8050 r a9
8051 r 40
8052 r 8d
8053 r  1
8054 r 70
7001 W 40
8055 r a9
8056 r c0
8057 r 8d
8058 r  1
8059 r 70
7001 W c0
805a r ad
805b r  0
805c r 70
7000 r 21
805d r 29
805e r 80
805f r d0
8060 r ef
8061 r a9
8062 r 40
8063 r 8d
8064 r  1
8065 r 70
7001 W 40
8066 r a9
8067 r ff
8068 r 8d
8069 r  2
806a r 70
7002 W ff
806b r 68
 1f9 r  1
806c r 60
 1fa r 6f
 1fb r 80
8070 r 8d
8071 r  0
8072 r 70
7000 W  1
8073 r 48
 1fb W  1
8074 r a9
8075 r  0
8076 r 8d
8077 r  1
8078 r 70
7001 W  0
8079 r a9
807a r 80
807b r 8d
807c r  1
807d r 70
7001 W 80
807e r a9
807f r  0
8080 r 8d
8081 r  1
8082 r 70
7001 W  0
8083 r 68
 1fb r  1
8084 r 60
 1fc r 20
 1fd r 80
8021 r a2
8022 r  0
8023 r bd
8024 r 85
8025 r 80
8085 r 48
8026 r f0
8027 r  7
8028 r 20
8029 r 32
802a r 80
 1fd W 80
 1fc W 2a
8032 r 20
8033 r 4a
8034 r 80
 1fb W 80
 1fa W 34
804a r 48
 1f9 W 48
804b r a9
804c r  0
804d r 8d
804e r  2
804f r 70
7002 W  0
8050 r a9
8051 r 40
8052 r 8d
8053 r  1
8054 r 70
7001 W 40
8055 r a9
8056 r c0
8057 r 8d
8058 r  1
8059 r 70
7001 W c0
805a r ad
805b r  0
805c r 70
7000 r  1
805d r 29
805e r 80
805f r d0
8060 r ef
8061 r a9
8062 r 40
8063 r 8d
8064 r  1
8065 r 70
7001 W 40
8066 r a9
8067 r ff
8068 r 8d
8069 r  2
806a r 70
7002 W ff
806b r 68
 1f9 r 48
806c r 60
 1fa r 34
 1fb r 80
8035 r 8d
8036 r  0
8037 r 70
7000 W 48
8038 r 48
 1fb W 48
8039 r a9
803a r 20
803b r 8d
803c r  1
803d r 70
7001 W 20
803e r a9
803f r a0
8040 r 8d
8041 r  1
8042 r 70
7001 W a0
8043 r a9
8044 r  0
8045 r 8d
8046 r  1
8047 r 70
7001 W  0
8048 r 68
 1fb r 48
8049 r 60
 1fc r 2a
 1fd r 80
802b r e8
802c r 4c
802d r 23
802e r 80
8023 r bd
8024 r 85
8025 r 80
8086 r 65
8026 r f0
8027 r  7
8028 r 20
8029 r 32
802a r 80
 1fd W 80
 1fc W 2a
8032 r 20
8033 r 4a
8034 r 80
 1fb W 80
 1fa W 34
804a r 48
 1f9 W 65
804b r a9
804c r  0
804d r 8d
804e r  2
804f r 70
7002 W  0
8050 r a9
8051 r 40
8052 r 8d
8053 r  1
8054 r 70
7001 W 40
8055 r a9
8056 r c0
8057 r 8d
8058 r  1
8059 r 70
7001 W c0
805a r ad
805b r  0
805c r 70
7000 r 48
805d r 29
805e r 80
805f r d0
8060 r ef
8061 r a9
8062 r 40
8063 r 8d
8064 r  1
8065 r 70
7001 W 40
8066 r a9
8067 r ff
8068 r 8d
8069 r  2
806a r 70
7002 W ff
806b r 68
 1f9 r 65
806c r 60
 1fa r 34
 1fb r 80
8035 r 8d
8036 r  0
8037 r 70
7000 W 65
8038 r 48
 1fb W 65
8039 r a9
803a r 20
803b r 8d
803c r  1
803d r 70
7001 W 20
803e r a9
803f r a0
8040 r 8d
8041 r  1
8042 r 70
7001 W a0
8043 r a9
8044 r  0
8045 r 8d
8046 r  1
8047 r 70
7001 W  0
8048 r 68
 1fb r 65
8049 r 60
 1fc r 2a
 1fd r 80
802b r e8
802c r 4c
802d r 23
802e r 80
8023 r bd
8024 r 85
8025 r 80
8087 r 6c
8026 r f0
8027 r  7
8028 r 20
8029 r 32
802a r 80
 1fd W 80
 1fc W 2a
8032 r 20
8033 r 4a
8034 r 80
 1fb W 80
 1fa W 34
804a r 48
 1f9 W 6c
804b r a9
804c r  0
804d r 8d
804e r  2
804f r 70
7002 W  0
8050 r a9
8051 r 40
8052 r 8d
8053 r  1
8054 r 70
7001 W 40
8055 r a9
8056 r c0
8057 r 8d
8058 r  1
8059 r 70
7001 W c0
805a r ad
805b r  0
805c r 70
7000 r 65
805d r 29
805e r 80
805f r d0
8060 r ef
8061 r a9
8062 r 40
8063 r 8d
8064 r  1
8065 r 70
7001 W 40
8066 r a9
8067 r ff
8068 r 8d
8069 r  2
806a r 70
7002 W ff
806b r 68
 1f9 r 6c
806c r 60
 1fa r 34
 1fb r 80
8035 r 8d
8036 r  0
8037 r 70
7000 W 6c
8038 r 48
 1fb W 6c
8039 r a9
803a r 20
803b r 8d
803c r  1
803d r 70
7001 W 20
803e r a9
803f r a0
8040 r 8d
8041 r  1
8042 r 70
7001 W a0
8043 r a9
8044 r  0
8045 r 8d
8046 r  1
8047 r 70
7001 W  0
8048 r 68
 1fb r 6c
8049 r 60
 1fc r 2a
 1fd r 80
802b r e8
802c r 4c
802d r 23
802e r 80
8023 r bd
8024 r 85
8025 r 80
8088 r 6c
8026 r f0
8027 r  7
8028 r 20
8029 r 32
802a r 80
 1fd W 80
 1fc W 2a
8032 r 20
8033 r 4a
8034 r 80
 1fb W 80
 1fa W 34
804a r 48
 1f9 W 6c
804b r a9
804c r  0
804d r 8d
804e r  2
804f r 70
7002 W  0
8050 r a9
8051 r 40
8052 r 8d
8053 r  1
8054 r 70
7001 W 40
8055 r a9
8056 r c0
8057 r 8d
8058 r  1
8059 r 70
7001 W c0
805a r ad
805b r  0
805c r 70
7000 r 6c
805d r 29
805e r 80
805f r d0
8060 r ef
8061 r a9
8062 r 40
8063 r 8d
8064 r  1
8065 r 70
7001 W 40
8066 r a9
8067 r ff
8068 r 8d
8069 r  2
806a r 70
7002 W ff
806b r 68
 1f9 r 6c
806c r 60
 1fa r 34
 1fb r 80
8035 r 8d
8036 r  0
8037 r 70
7000 W 6c
8038 r 48
 1fb W 6c
8039 r a9
803a r 20
803b r 8d
803c r  1
803d r 70
7001 W 20
803e r a9
803f r a0
8040 r 8d
8041 r  1
8042 r 70
7001 W a0
8043 r a9
8044 r  0
8045 r 8d
8046 r  1
8047 r 70
7001 W  0
8048 r 68
 1fb r 6c
8049 r 60
 1fc r 2a
 1fd r 80
802b r e8
802c r 4c
802d r 23
802e r 80
8023 r bd
8024 r 85
8025 r 80
8089 r 6f
8026 r f0
8027 r  7
8028 r 20
8029 r 32
802a r 80
 1fd W 80
 1fc W 2a
8032 r 20
8033 r 4a
8034 r 80
 1fb W 80
 1fa W 34
804a r 48
 1f9 W 6f
804b r a9
804c r  0
804d r 8d
804e r  2
804f r 70
7002 W  0
8050 r a9
8051 r 40
8052 r 8d
8053 r  1
8054 r 70
7001 W 40
8055 r a9
8056 r c0
8057 r 8d
8058 r  1
8059 r 70
7001 W c0
805a r ad
805b r  0
805c r 70
7000 r 6c
805d r 29
805e r 80
805f r d0
8060 r ef
8061 r a9
8062 r 40
8063 r 8d
8064 r  1
8065 r 70
7001 W 40
8066 r a9
8067 r ff
8068 r 8d
8069 r  2
806a r 70
7002 W ff
806b r 68
 1f9 r 6f
806c r 60
 1fa r 34
 1fb r 80
8035 r 8d
8036 r  0
8037 r 70
7000 W 6f
8038 r 48
 1fb W 6f
8039 r a9
803a r 20
803b r 8d
803c r  1
803d r 70
7001 W 20
803e r a9
803f r a0
8040 r 8d
8041 r  1
8042 r 70
7001 W a0
8043 r a9
8044 r  0
8045 r 8d
8046 r  1
8047 r 70
7001 W  0
8048 r 68
 1fb r 6f
8049 r 60
 1fc r 2a
 1fd r 80
802b r e8
802c r 4c
802d r 23
802e r 80
8023 r bd
8024 r 85
8025 r 80
808a r 2c
8026 r f0
8027 r  7
8028 r 20
8029 r 32
802a r 80
 1fd W 80
 1fc W 2a
8032 r 20
8033 r 4a
8034 r 80
 1fb W 80
 1fa W 34
804a r 48
 1f9 W 2c
804b r a9
804c r  0
804d r 8d
804e r  2
804f r 70
7002 W  0
8050 r a9
8051 r 40
8052 r 8d
8053 r  1
8054 r 70
7001 W 40
8055 r a9
8056 r c0
8057 r 8d
8058 r  1
8059 r 70
7001 W c0
805a r ad
805b r  0
805c r 70
7000 r 6f
805d r 29
805e r 80
805f r d0
8060 r ef
8061 r a9
8062 r 40
8063 r 8d
8064 r  1
8065 r 70
7001 W 40
8066 r a9
8067 r ff
8068 r 8d
8069 r  2
806a r 70
7002 W ff
806b r 68
 1f9 r 2c
806c r 60
 1fa r 34
 1fb r 80
8035 r 8d
8036 r  0
8037 r 70
7000 W 2c
8038 r 48
 1fb W 2c
8039 r a9
803a r 20
803b r 8d
803c r  1
803d r 70
7001 W 20
803e r a9
803f r a0
8040 r 8d
8041 r  1
8042 r 70
7001 W a0
8043 r a9
8044 r  0
8045 r 8d
8046 r  1
8047 r 70
7001 W  0
8048 r 68
 1fb r 2c
8049 r 60
 1fc r 2a
 1fd r 80
802b r e8
802c r 4c
802d r 23
802e r 80
8023 r bd
8024 r 85
8025 r 80
808b r 20
8026 r f0
8027 r  7
8028 r 20
8029 r 32
802a r 80
 1fd W 80
 1fc W 2a
8032 r 20
8033 r 4a
8034 r 80
 1fb W 80
 1fa W 34
804a r 48
 1f9 W 20
804b r a9
804c r  0
804d r 8d
804e r  2
804f r 70
7002 W  0
8050 r a9
8051 r 40
8052 r 8d
8053 r  1
8054 r 70
7001 W 40
8055 r a9
8056 r c0
8057 r 8d
8058 r  1
8059 r 70
7001 W c0
805a r ad
805b r  0
805c r 70
7000 r 2c
805d r 29
805e r 80
805f r d0
8060 r ef
8061 r a9
8062 r 40
8063 r 8d
8064 r  1
8065 r 70
7001 W 40
8066 r a9
8067 r ff
8068 r 8d
8069 r  2
806a r 70
7002 W ff
806b r 68
 1f9 r 20
806c r 60
 1fa r 34
 1fb r 80
8035 r 8d
8036 r  0
8037 r 70
7000 W 20
8038 r 48
 1fb W 20
8039 r a9
803a r 20
803b r 8d
803c r  1
803d r 70
7001 W 20
803e r a9
803f r a0
8040 r 8d
8041 r  1
8042 r 70
7001 W a0
8043 r a9
8044 r  0
8045 r 8d
8046 r  1
8047 r 70
7001 W  0
8048 r 68
 1fb r 20
8049 r 60
 1fc r 2a
 1fd r 80
802b r e8
802c r 4c
802d r 23
802e r 80
8023 r bd
8024 r 85
8025 r 80
808c r 77
8026 r f0
8027 r  7
8028 r 20
8029 r 32
802a r 80
 1fd W 80
 1fc W 2a
8032 r 20
8033 r 4a
8034 r 80
 1fb W 80
 1fa W 34
804a r 48
 1f9 W 77
804b r a9
804c r  0
804d r 8d
804e r  2
804f r 70
7002 W  0
8050 r a9
8051 r 40
8052 r 8d
8053 r  1
8054 r 70
7001 W 40
8055 r a9
8056 r c0
8057 r 8d
8058 r  1
8059 r 70
7001 W c0
805a r ad
805b r  0
805c r 70
7000 r 20
805d r 29
805e r 80
805f r d0
8060 r ef
8061 r a9
8062 r 40
8063 r 8d
8064 r  1
8065 r 70
7001 W 40
8066 r a9
8067 r ff
8068 r 8d
8069 r  2
806a r 70
7002 W ff
806b r 68
 1f9 r 77
806c r 60
 1fa r 34
 1fb r 80
8035 r 8d
8036 r  0
8037 r 70
7000 W 77
8038 r 48
 1fb W 77
8039 r a9
803a r 20
803b r 8d
803c r  1
803d r 70
7001 W 20
803e r a9
803f r a0
8040 r 8d
8041 r  1
8042 r 70
7001 W a0
8043 r a9
8044 r  0
8045 r 8d
8046 r  1
8047 r 70
7001 W  0
8048 r 68
 1fb r 77
8049 r 60
 1fc r 2a
 1fd r 80
802b r e8
802c r 4c
802d r 23
802e r 80
8023 r bd
8024 r 85
8025 r 80
808d r 6f
8026 r f0
8027 r  7
8028 r 20
8029 r 32
802a r 80
 1fd W 80
 1fc W 2a
8032 r 20
8033 r 4a
8034 r 80
 1fb W 80
 1fa W 34
804a r 48
 1f9 W 6f
804b r a9
804c r  0
804d r 8d
804e r  2
804f r 70
7002 W  0
8050 r a9
8051 r 40
8052 r 8d
8053 r  1
8054 r 70
7001 W 40
8055 r a9
8056 r c0
8057 r 8d
8058 r  1
8059 r 70
7001 W c0
805a r ad
805b r  0
805c r 70
7000 r 77
805d r 29
805e r 80
805f r d0
8060 r ef
8061 r a9
8062 r 40
8063 r 8d
8064 r  1
8065 r 70
7001 W 40
8066 r a9
8067 r ff
8068 r 8d
8069 r  2
806a r 70
7002 W ff
806b r 68
 1f9 r 6f
806c r 60
 1fa r 34
 1fb r 80
8035 r 8d
8036 r  0
8037 r 70
7000 W 6f
8038 r 48
 1fb W 6f
8039 r a9
803a r 20
803b r 8d
803c r  1
803d r 70
7001 W 20
803e r a9
803f r a0
8040 r 8d
8041 r  1
8042 r 70
7001 W a0
8043 r a9
8044 r  0
8045 r 8d
8046 r  1
8047 r 70
7001 W  0
8048 r 68
 1fb r 6f
8049 r 60
 1fc r 2a
 1fd r 80
802b r e8
802c r 4c
802d r 23
802e r 80
8023 r bd
8024 r 85
8025 r 80
808e r 72
8026 r f0
8027 r  7
8028 r 20
8029 r 32
802a r 80
 1fd W 80
 1fc W 2a
8032 r 20
8033 r 4a
8034 r 80
 1fb W 80
 1fa W 34
804a r 48
 1f9 W 72
804b r a9
804c r  0
804d r 8d
804e r  2
804f r 70
7002 W  0
8050 r a9
8051 r 40
8052 r 8d
8053 r  1
8054 r 70
7001 W 40
8055 r a9
8056 r c0
8057 r 8d
8058 r  1
8059 r 70
7001 W c0
805a r ad
805b r  0
805c r 70
7000 r 6f
805d r 29
805e r 80
805f r d0
8060 r ef
8061 r a9
8062 r 40
8063 r 8d
8064 r  1
8065 r 70
7001 W 40
8066 r a9
8067 r ff
8068 r 8d
8069 r  2
806a r 70
7002 W ff
806b r 68
 1f9 r 72
806c r 60
 1fa r 34
 1fb r 80
8035 r 8d
8036 r  0
8037 r 70
7000 W 72
8038 r 48
 1fb W 72
8039 r a9
803a r 20
803b r 8d
803c r  1
803d r 70
7001 W 20
803e r a9
803f r a0
8040 r 8d
8041 r  1
8042 r 70
7001 W a0
8043 r a9
8044 r  0
8045 r 8d
8046 r  1
8047 r 70
7001 W  0
8048 r 68
 1fb r 72
8049 r 60
 1fc r 2a
 1fd r 80
802b r e8
802c r 4c
802d r 23
802e r 80
8023 r bd
8024 r 85
8025 r 80
808f r 6c
8026 r f0
8027 r  7
8028 r 20
8029 r 32
802a r 80
 1fd W 80
 1fc W 2a
8032 r 20
8033 r 4a
8034 r 80
 1fb W 80
 1fa W 34
804a r 48
 1f9 W 6c
804b r a9
804c r  0
804d r 8d
804e r  2
804f r 70
7002 W  0
8050 r a9
8051 r 40
8052 r 8d
8053 r  1
8054 r 70
7001 W 40
8055 r a9
8056 r c0
8057 r 8d
8058 r  1
8059 r 70
7001 W c0
805a r ad
805b r  0
805c r 70
7000 r 72
805d r 29
805e r 80
805f r d0
8060 r ef
8061 r a9
8062 r 40
8063 r 8d
8064 r  1
8065 r 70
7001 W 40
8066 r a9
8067 r ff
8068 r 8d
8069 r  2
806a r 70
7002 W ff
806b r 68
 1f9 r 6c
806c r 60
 1fa r 34
 1fb r 80
8035 r 8d
8036 r  0
8037 r 70
7000 W 6c
8038 r 48
 1fb W 6c
8039 r a9
803a r 20
803b r 8d
803c r  1
803d r 70
7001 W 20
803e r a9
803f r a0
8040 r 8d
8041 r  1
8042 r 70
7001 W a0
8043 r a9
8044 r  0
8045 r 8d
8046 r  1
8047 r 70
7001 W  0
8048 r 68
 1fb r 6c
8049 r 60
 1fc r 2a
 1fd r 80
802b r e8
802c r 4c
802d r 23
802e r 80
8023 r bd
8024 r 85
8025 r 80
8090 r 64
8026 r f0
8027 r  7
8028 r 20
8029 r 32
802a r 80
 1fd W 80
 1fc W 2a
8032 r 20
8033 r 4a
8034 r 80
 1fb W 80
 1fa W 34
804a r 48
 1f9 W 64
804b r a9
804c r  0
804d r 8d
804e r  2
804f r 70
7002 W  0
8050 r a9
8051 r 40
8052 r 8d
8053 r  1
8054 r 70
7001 W 40
8055 r a9
8056 r c0
8057 r 8d
8058 r  1
8059 r 70
7001 W c0
805a r ad
805b r  0
805c r 70
7000 r 6c
805d r 29
805e r 80
805f r d0
8060 r ef
8061 r a9
8062 r 40
8063 r 8d
8064 r  1
8065 r 70
7001 W 40
8066 r a9
8067 r ff
8068 r 8d
8069 r  2
806a r 70
7002 W ff
806b r 68
 1f9 r 64
806c r 60
 1fa r 34
 1fb r 80
8035 r 8d
8036 r  0
8037 r 70
7000 W 64
8038 r 48
 1fb W 64
8039 r a9
803a r 20
803b r 8d
803c r  1
803d r 70
7001 W 20
803e r a9
803f r a0
8040 r 8d
8041 r  1
8042 r 70
7001 W a0
8043 r a9
8044 r  0
8045 r 8d
8046 r  1
8047 r 70
7001 W  0
8048 r 68
 1fb r 64
8049 r 60
 1fc r 2a
 1fd r 80
802b r e8
802c r 4c
802d r 23
802e r 80
8023 r bd
8024 r 85
8025 r 80
8091 r 21
8026 r f0
8027 r  7
8028 r 20
8029 r 32
802a r 80
 1fd W 80
 1fc W 2a
8032 r 20
8033 r 4a
8034 r 80
 1fb W 80
 1fa W 34
804a r 48
 1f9 W 21
804b r a9
804c r  0
804d r 8d
804e r  2
804f r 70
7002 W  0
8050 r a9
8051 r 40
8052 r 8d
8053 r  1
8054 r 70
7001 W 40
8055 r a9
8056 r c0
8057 r 8d
8058 r  1
8059 r 70
7001 W c0
805a r ad
805b r  0
805c r 70
7000 r 64
805d r 29
805e r 80
805f r d0
8060 r ef
8061 r a9
8062 r 40
8063 r 8d
8064 r  1
8065 r 70
7001 W 40
8066 r a9
8067 r ff
8068 r 8d
8069 r  2
806a r 70
7002 W ff
806b r 68
 1f9 r 21
806c r 60
 1fa r 34
 1fb r 80
8035 r 8d
8036 r  0
8037 r 70
7000 W 21
8038 r 48
 1fb W 21
8039 r a9
803a r 20
803b r 8d
803c r  1
803d r 70
7001 W 20
803e r a9
803f r a0
8040 r 8d
8041 r  1
8042 r 70
7001 W a0
8043 r a9
8044 r  0
8045 r 8d
8046 r  1
8047 r 70
7001 W  0
8048 r 68
 1fb r 21
8049 r 60
 1fc r 2a
 1fd r 80
802b r e8
802c r 4c
802d r 23
802e r 80
8023 r bd
8024 r 85
8025 r 80
8092 r  0
8026 r f0
8027 r  7
802f r 20
8030 r 1c
8031 r 80
 1fd W 80
 1fc W 31
801c r a9
801d r  1
801e r 20
801f r 6d
8020 r 80
 1fb W 80
 1fa W 20
806d r 20
806e r 4a
806f r 80
 1f9 W 80
 1f8 W 6f
804a r 48
 1f7 W  1
804b r a9
804c r  0
804d r 8d
804e r  2
804f r 70
7002 W  0
8050 r a9
8051 r 40
8052 r 8d
8053 r  1
8054 r 70
7001 W 40
8055 r a9
8056 r c0
8057 r 8d
8058 r  1
8059 r 70
7001 W c0
805a r ad
805b r  0
805c r 70
7000 r 21
805d r 29
805e r 80
805f r d0
8060 r ef
8061 r a9
8062 r 40
8063 r 8d
8064 r  1
8065 r 70
7001 W 40
8066 r a9
8067 r ff
8068 r 8d
8069 r  2
806a r 70
7002 W ff
806b r 68
 1f7 r  1
806c r 60
 1f8 r 6f
 1f9 r 80
8070 r 8d
8071 r  0
8072 r 70
7000 W  1
8073 r 48
 1f9 W  1
8074 r a9
8075 r  0
8076 r 8d
8077 r  1
8078 r 70
7001 W  0
8079 r a9
807a r 80
807b r 8d
807c r  1
807d r 70
7001 W 80
807e r a9
807f r  0
8080 r 8d
8081 r  1
8082 r 70
7001 W  0
8083 r 68
 1f9 r  1
8084 r 60
 1fa r 20
 1fb r 80
8021 r a2
8022 r  0
8023 r bd
8024 r 85
8025 r 80
8085 r 48
8026 r f0
8027 r  7
8028 r 20
8029 r 32
802a r 80
 1fb W 80
 1fa W 2a
8032 r 20
8033 r 4a
8034 r 80
 1f9 W 80
 1f8 W 34
804a r 48
 1f7 W 48
804b r a9
804c r  0
804d r 8d
804e r  2
804f r 70
7002 W  0
8050 r a9
8051 r 40
8052 r 8d
8053 r  1
8054 r 70
7001 W 40
8055 r a9
8056 r c0
8057 r 8d
8058 r  1
8059 r 70
7001 W c0
805a r ad
805b r  0
805c r 70
7000 r  1
805d r 29
805e r 80
805f r d0
8060 r ef
8061 r a9
8062 r 40
8063 r 8d
8064 r  1
8065 r 70
7001 W 40
8066 r a9
8067 r ff
8068 r 8d
8069 r  2
806a r 70
7002 W ff
806b r 68
 1f7 r 48
806c r 60
 1f8 r 34
 1f9 r 80
8035 r 8d
8036 r  0
8037 r 70
7000 W 48
8038 r 48
 1f9 W 48
8039 r a9
803a r 20
803b r 8d
803c r  1
803d r 70
7001 W 20
803e r a9
803f r a0
8040 r 8d
8041 r  1
8042 r 70
7001 W a0
8043 r a9
8044 r  0
8045 r 8d
8046 r  1
8047 r 70
7001 W  0
8048 r 68
 1f9 r 48
8049 r 60
 1fa r 2a
 1fb r 80
802b r e8
802c r 4c
802d r 23
802e r 80
8023 r bd
8024 r 85
8025 r 80
8086 r 65
8026 r f0
8027 r  7
8028 r 20
8029 r 32
802a r 80
 1fb W 80
 1fa W 2a
8032 r 20
8033 r 4a
8034 r 80
 1f9 W 80
 1f8 W 34
804a r 48
 1f7 W 65
804b r a9
804c r  0
804d r 8d
804e r  2
804f r 70
7002 W  0
8050 r a9
8051 r 40
8052 r 8d
8053 r  1
8054 r 70
7001 W 40
8055 r a9
8056 r c0
8057 r 8d
8058 r  1
8059 r 70
7001 W c0
805a r ad
805b r  0
805c r 70
7000 r 48
805d r 29
805e r 80
805f r d0
8060 r ef
8061 r a9
8062 r 40
8063 r 8d
8064 r  1
8065 r 70
7001 W 40
8066 r a9
8067 r ff
8068 r 8d
8069 r  2
806a r 70
7002 W ff
806b r 68
 1f7 r 65
806c r 60
 1f8 r 34
 1f9 r 80
8035 r 8d
8036 r  0
8037 r 70
7000 W 65
8038 r 48
 1f9 W 65
8039 r a9
803a r 20
803b r 8d
803c r  1
803d r 70
7001 W 20
803e r a9
803f r a0
8040 r 8d
8041 r  1
8042 r 70
7001 W a0
8043 r a9
8044 r  0
8045 r 8d
8046 r  1
8047 r 70
7001 W  0
8048 r 68
 1f9 r 65
8049 r 60
 1fa r 2a
 1fb r 80
802b r e8
802c r 4c
802d r 23
802e r 80
8023 r bd
8024 r 85
8025 r 80
8087 r 6c
8026 r f0
8027 r  7
8028 r 20
8029 r 32
802a r 80
 1fb W 80
 1fa W 2a
8032 r 20
8033 r 4a
8034 r 80
 1f9 W 80
 1f8 W 34
804a r 48
 1f7 W 6c
804b r a9
804c r  0
804d r 8d
804e r  2
804f r 70
7002 W  0
8050 r a9
8051 r 40
8052 r 8d
8053 r  1
8054 r 70
7001 W 40
8055 r a9
8056 r c0
8057 r 8d
8058 r  1
8059 r 70
7001 W c0
805a r ad
805b r  0
805c r 70
7000 r 65
805d r 29
805e r 80
805f r d0
8060 r ef
8061 r a9
8062 r 40
8063 r 8d
8064 r  1
8065 r 70
7001 W 40
8066 r a9
8067 r ff
8068 r 8d
8069 r  2
806a r 70
7002 W ff
806b r 68
 1f7 r 6c
806c r 60
 1f8 r 34
 1f9 r 80
8035 r 8d
8036 r  0
8037 r 70
7000 W 6c
8038 r 48
 1f9 W 6c
8039 r a9
803a r 20
803b r 8d
803c r  1
803d r 70
7001 W 20
803e r a9
803f r a0
8040 r 8d
8041 r  1
8042 r 70
7001 W a0
8043 r a9
8044 r  0
8045 r 8d
8046 r  1
8047 r 70
7001 W  0
8048 r 68
 1f9 r 6c
8049 r 60
 1fa r 2a
 1fb r 80
802b r e8
802c r 4c
802d r 23
802e r 80
8023 r bd
8024 r 85
8025 r 80
8088 r 6c
8026 r f0
8027 r  7
8028 r 20
8029 r 32
802a r 80
 1fb W 80
 1fa W 2a
8032 r 20
8033 r 4a
8034 r 80
 1f9 W 80
 1f8 W 34
804a r 48
 1f7 W 6c
804b r a9
804c r  0
804d r 8d
804e r  2
804f r 70
7002 W  0
8050 r a9
8051 r 40
8052 r 8d
8053 r  1
8054 r 70
7001 W 40
8055 r a9
8056 r c0
8057 r 8d
8058 r  1
8059 r 70
7001 W c0
805a r ad
805b r  0
805c r 70
7000 r 6c
805d r 29
805e r 80
805f r d0
8060 r ef
8061 r a9
8062 r 40
8063 r 8d
8064 r  1
8065 r 70
7001 W 40
8066 r a9
8067 r ff
8068 r 8d
8069 r  2
806a r 70
7002 W ff
806b r 68
 1f7 r 6c
806c r 60
 1f8 r 34
 1f9 r 80
8035 r 8d
8036 r  0
8037 r 70
7000 W 6c
8038 r 48
 1f9 W 6c
8039 r a9
803a r 20
803b r 8d
803c r  1
803d r 70
7001 W 20
803e r a9
803f r a0
8040 r 8d
8041 r  1
8042 r 70
7001 W a0
8043 r a9
8044 r  0
8045 r 8d
8046 r  1
8047 r 70
7001 W  0
8048 r 68
 1f9 r 6c
8049 r 60
 1fa r 2a
 1fb r 80
802b r e8
802c r 4c
802d r 23
802e r 80
8023 r bd
8024 r 85
8025 r 80
8089 r 6f
8026 r f0
8027 r  7
8028 r 20
8029 r 32
802a r 80
 1fb W 80
 1fa W 2a
8032 r 20
8033 r 4a
8034 r 80
 1f9 W 80
 1f8 W 34
804a r 48
 1f7 W 6f
804b r a9
804c r  0
804d r 8d
804e r  2
804f r 70
7002 W  0
8050 r a9
8051 r 40
8052 r 8d
8053 r  1
8054 r 70
7001 W 40
8055 r a9
8056 r c0
8057 r 8d
8058 r  1
8059 r 70
7001 W c0
805a r ad
805b r  0
805c r 70
7000 r 6c
805d r 29
805e r 80
805f r d0
8060 r ef
8061 r a9
8062 r 40
8063 r 8d
8064 r  1
8065 r 70
7001 W 40
8066 r a9
8067 r ff
8068 r 8d
8069 r  2
806a r 70
7002 W ff
806b r 68
 1f7 r 6f
806c r 60
 1f8 r 34
 1f9 r 80
8035 r 8d
8036 r  0
8037 r 70
7000 W 6f
8038 r 48
 1f9 W 6f
8039 r a9
803a r 20
803b r 8d
803c r  1
803d r 70
7001 W 20
803e r a9
803f r a0
8040 r 8d
8041 r  1
8042 r 70
7001 W a0
8043 r a9
8044 r  0
8045 r 8d
8046 r  1
8047 r 70
7001 W  0
8048 r 68
 1f9 r 6f
8049 r 60
 1fa r 2a
 1fb r 80
802b r e8
802c r 4c
802d r 23
802e r 80
8023 r bd
8024 r 85
8025 r 80
808a r 2c
8026 r f0
8027 r  7
8028 r 20
8029 r 32
802a r 80
 1fb W 80
 1fa W 2a
8032 r 20
8033 r 4a
8034 r 80
 1f9 W 80
 1f8 W 34
804a r 48
 1f7 W 2c
804b r a9
804c r  0
804d r 8d
804e r  2
804f r 70
7002 W  0
8050 r a9
8051 r 40
8052 r 8d
8053 r  1
8054 r 70
7001 W 40
8055 r a9
8056 r c0
8057 r 8d
8058 r  1
8059 r 70
7001 W c0
805a r ad
805b r  0
805c r 70
7000 r 6f
805d r 29
805e r 80
805f r d0
8060 r ef
8061 r a9
8062 r 40
8063 r 8d
8064 r  1
8065 r 70
7001 W 40
8066 r a9
8067 r ff
8068 r 8d
8069 r  2
806a r 70
7002 W ff
806b r 68
 1f7 r 2c
806c r 60
 1f8 r 34
 1f9 r 80
8035 r 8d
8036 r  0
8037 r 70
7000 W 2c
8038 r 48
 1f9 W 2c
8039 r a9
803a r 20
803b r 8d
803c r  1
803d r 70
7001 W 20
803e r a9
803f r a0
8040 r 8d
8041 r  1
8042 r 70
7001 W a0
8043 r a9
8044 r  0
8045 r 8d
8046 r  1
8047 r 70
7001 W  0
8048 r 68
 1f9 r 2c
8049 r 60
 1fa r 2a
 1fb r 80
802b r e8
802c r 4c
802d r 23
802e r 80
8023 r bd
8024 r 85
8025 r 80
808b r 20
8026 r f0
8027 r  7
8028 r 20
8029 r 32
802a r 80
 1fb W 80
 1fa W 2a
8032 r 20
8033 r 4a
8034 r 80
 1f9 W 80
 1f8 W 34
804a r 48
 1f7 W 20
804b r a9
804c r  0
804d r 8d
804e r  2
804f r 70
7002 W  0
8050 r a9
8051 r 40
8052 r 8d
8053 r  1
8054 r 70
7001 W 40
8055 r a9
8056 r c0
8057 r 8d
8058 r  1
8059 r 70
7001 W c0
805a r ad
805b r  0
805c r 70
7000 r 2c
805d r 29
805e r 80
805f r d0
8060 r ef
8061 r a9
8062 r 40
8063 r 8d
8064 r  1
8065 r 70
7001 W 40
8066 r a9
8067 r ff
8068 r 8d
8069 r  2
806a r 70
7002 W ff
806b r 68
 1f7 r 20
806c r 60
 1f8 r 34
 1f9 r 80
8035 r 8d
8036 r  0
8037 r 70
7000 W 20
8038 r 48
 1f9 W 20
8039 r a9
803a r 20
803b r 8d
803c r  1
803d r 70
7001 W 20
803e r a9
803f r a0
8040 r 8d
8041 r  1
8042 r 70
7001 W a0
8043 r a9
8044 r  0
8045 r 8d
8046 r  1
8047 r 70
7001 W  0
8048 r 68
 1f9 r 20
8049 r 60
 1fa r 2a
 1fb r 80
802b r e8
802c r 4c
802d r 23
802e r 80
8023 r bd
8024 r 85
8025 r 80
808c r 77
8026 r f0
8027 r  7
8028 r 20
8029 r 32
802a r 80
 1fb W 80
 1fa W 2a
8032 r 20
8033 r 4a
8034 r 80
 1f9 W 80
 1f8 W 34
804a r 48
 1f7 W 77
804b r a9
804c r  0
804d r 8d
804e r  2
804f r 70
7002 W  0
8050 r a9
8051 r 40
8052 r 8d
8053 r  1
8054 r 70
7001 W 40
8055 r a9
8056 r c0
8057 r 8d
8058 r  1
8059 r 70
7001 W c0
805a r ad
805b r  0
805c r 70
7000 r 20
805d r 29
805e r 80
805f r d0
8060 r ef
8061 r a9
8062 r 40
8063 r 8d
8064 r  1
8065 r 70
7001 W 40
8066 r a9
8067 r ff
8068 r 8d
8069 r  2
806a r 70
7002 W ff
806b r 68
 1f7 r 77
806c r 60
 1f8 r 34
 1f9 r 80
8035 r 8d
8036 r  0
8037 r 70
7000 W 77
8038 r 48
 1f9 W 77
8039 r a9
803a r 20
803b r 8d
803c r  1
803d r 70
7001 W 20
803e r a9
803f r a0
8040 r 8d
8041 r  1
8042 r 70
7001 W a0
8043 r a9
8044 r  0
8045 r 8d
8046 r  1
8047 r 70
7001 W  0
8048 r 68
 1f9 r 77
8049 r 60
 1fa r 2a
 1fb r 80
802b r e8
802c r 4c
802d r 23
802e r 80
8023 r bd
8024 r 85
8025 r 80
808d r 6f
8026 r f0
8027 r  7
8028 r 20
8029 r 32
802a r 80
 1fb W 80
 1fa W 2a
8032 r 20
8033 r 4a
8034 r 80
 1f9 W 80
 1f8 W 34
804a r 48
 1f7 W 6f
804b r a9
804c r  0
804d r 8d
804e r  2
804f r 70
7002 W  0
8050 r a9
8051 r 40
8052 r 8d
8053 r  1
8054 r 70
7001 W 40
8055 r a9
8056 r c0
8057 r 8d
8058 r  1
8059 r 70
7001 W c0
805a r ad
805b r  0
805c r 70
7000 r 77
805d r 29
805e r 80
805f r d0
8060 r ef
8061 r a9
8062 r 40
8063 r 8d
8064 r  1
8065 r 70
7001 W 40
8066 r a9
8067 r ff
8068 r 8d
8069 r  2
806a r 70
7002 W ff
806b r 68
 1f7 r 6f
806c r 60
 1f8 r 34
 1f9 r 80
8035 r 8d
8036 r  0
8037 r 70
7000 W 6f
8038 r 48
 1f9 W 6f
8039 r a9
803a r 20
803b r 8d
803c r  1
803d r 70
7001 W 20
803e r a9
803f r a0
8040 r 8d
8041 r  1
8042 r 70
7001 W a0
8043 r a9
8044 r  0
8045 r 8d
8046 r  1
8047 r 70
7001 W  0
8048 r 68
 1f9 r 6f
8049 r 60
 1fa r 2a
 1fb r 80
802b r e8
802c r 4c
802d r 23
802e r 80
8023 r bd
8024 r 85
8025 r 80
808e r 72
8026 r f0
8027 r  7
8028 r 20
8029 r 32
802a r 80
 1fb W 80
 1fa W 2a
8032 r 20
8033 r 4a
8034 r 80
 1f9 W 80
 1f8 W 34
804a r 48
 1f7 W 72
804b r a9
804c r  0
804d r 8d
804e r  2
804f r 70
7002 W  0
8050 r a9
8051 r 40
8052 r 8d
8053 r  1
8054 r 70
7001 W 40
8055 r a9
8056 r c0
8057 r 8d
8058 r  1
8059 r 70
7001 W c0
805a r ad
805b r  0
805c r 70
7000 r 6f
805d r 29
805e r 80
805f r d0
8060 r ef
8061 r a9
8062 r 40
8063 r 8d
8064 r  1
8065 r 70
7001 W 40
8066 r a9
8067 r ff
8068 r 8d
8069 r  2
806a r 70
7002 W ff
806b r 68
 1f7 r 72
806c r 60
 1f8 r 34
 1f9 r 80
8035 r 8d
8036 r  0
8037 r 70
7000 W 72
8038 r 48
 1f9 W 72
8039 r a9
803a r 20
803b r 8d
803c r  1
803d r 70
7001 W 20
803e r a9
803f r a0
8040 r 8d
8041 r  1
8042 r 70
7001 W a0
8043 r a9
8044 r  0
8045 r 8d
8046 r  1
8047 r 70
7001 W  0
8048 r 68
 1f9 r 72
8049 r 60
 1fa r 2a
 1fb r 80
802b r e8
802c r 4c
802d r 23
802e r 80
8023 r bd
8024 r 85
8025 r 80
808f r 6c
8026 r f0
8027 r  7
8028 r 20
8029 r 32
802a r 80
 1fb W 80
 1fa W 2a
8032 r 20
8033 r 4a
8034 r 80
 1f9 W 80
 1f8 W 34
804a r 48
 1f7 W 6c
804b r a9
804c r  0
804d r 8d
804e r  2
804f r 70
7002 W  0
8050 r a9
8051 r 40
8052 r 8d
8053 r  1
8054 r 70
7001 W 40
8055 r a9
8056 r c0
8057 r 8d
8058 r  1
8059 r 70
7001 W c0
805a r ad
805b r  0
805c r 70
7000 r 72
805d r 29
805e r 80
805f r d0
8060 r ef
8061 r a9
8062 r 40
8063 r 8d
8064 r  1
8065 r 70
7001 W 40
8066 r a9
8067 r ff
8068 r 8d
8069 r  2
806a r 70
7002 W ff
806b r 68
 1f7 r 6c
806c r 60
 1f8 r 34
 1f9 r 80
8035 r 8d
8036 r  0
8037 r 70
7000 W 6c
8038 r 48
 1f9 W 6c
8039 r a9
803a r 20
803b r 8d
803c r  1
803d r 70
7001 W 20
803e r a9
803f r a0
8040 r 8d
8041 r  1
8042 r 70
7001 W a0
8043 r a9
8044 r  0
8045 r 8d
8046 r  1
8047 r 70
7001 W  0
8048 r 68
 1f9 r 6c
8049 r 60
 1fa r 2a
 1fb r 80
802b r e8
802c r 4c
802d r 23
802e r 80
8023 r bd
8024 r 85
8025 r 80
8090 r 64
8026 r f0
8027 r  7
8028 r 20
8029 r 32
802a r 80
 1fb W 80
 1fa W 2a
8032 r 20
8033 r 4a
8034 r 80
 1f9 W 80
 1f8 W 34
804a r 48
 1f7 W 64
804b r a9
804c r  0
804d r 8d
804e r  2
804f r 70
7002 W  0
8050 r a9
8051 r 40
8052 r 8d
8053 r  1
8054 r 70
7001 W 40
8055 r a9
8056 r c0
8057 r 8d
8058 r  1
8059 r 70
7001 W c0
805a r ad
805b r  0
805c r 70
7000 r 6c
805d r 29
805e r 80
805f r d0
8060 r ef
8061 r a9
8062 r 40
8063 r 8d
8064 r  1
8065 r 70
7001 W 40
8066 r a9
8067 r ff
8068 r 8d
8069 r  2
806a r 70
7002 W ff
806b r 68
 1f7 r 64
806c r 60
 1f8 r 34
 1f9 r 80
8035 r 8d
8036 r  0
8037 r 70
7000 W 64
8038 r 48
 1f9 W 64
8039 r a9
803a r 20
803b r 8d
803c r  1
803d r 70
7001 W 20
803e r a9
803f r a0
8040 r 8d
8041 r  1
8042 r 70
7001 W a0
8043 r a9
8044 r  0
8045 r 8d
8046 r  1
8047 r 70
7001 W  0
8048 r 68
 1f9 r 64
8049 r 60
 1fa r 2a
 1fb r 80
802b r e8
802c r 4c
802d r 23
802e r 80
8023 r bd
8024 r 85
8025 r 80
8091 r 21
8026 r f0
8027 r  7
8028 r 20
8029 r 32
802a r 80
 1fb W 80
 1fa W 2a
8032 r 20
8033 r 4a
8034 r 80
 1f9 W 80
 1f8 W 34
804a r 48
 1f7 W 21
804b r a9
804c r  0
804d r 8d
804e r  2
804f r 70
7002 W  0
8050 r a9
8051 r 40
8052 r 8d
8053 r  1
8054 r 70
7001 W 40
8055 r a9
8056 r c0
8057 r 8d
8058 r  1
8059 r 70
7001 W c0
805a r ad
805b r  0
805c r 70
7000 r 64
805d r 29
805e r 80
805f r d0
8060 r ef
8061 r a9
8062 r 40
8063 r 8d
8064 r  1
8065 r 70
7001 W 40
8066 r a9
8067 r ff
8068 r 8d
8069 r  2
806a r 70
7002 W ff
806b r 68
 1f7 r 21
806c r 60
 1f8 r 34
 1f9 r 80
8035 r 8d
8036 r  0
8037 r 70
7000 W 21
8038 r 48
 1f9 W 21
8039 r a9
803a r 20
803b r 8d
803c r  1
803d r 70
7001 W 20
803e r a9
803f r a0
8040 r 8d
8041 r  1
8042 r 70
7001 W a0
8043 r a9
8044 r  0
8045 r 8d
8046 r  1
8047 r 70
7001 W  0
8048 r 68
 1f9 r 21
8049 r 60
 1fa r 2a
 1fb r 80
802b r e8
802c r 4c
802d r 23
802e r 80
8023 r bd
8024 r 85
8025 r 80
8092 r  0
8026 r f0
8027 r  7
802f r 20
8030 r 1c
8031 r 80
 1fb W 80
 1fa W 31
801c r a9
801d r  1
801e r 20
801f r 6d
8020 r 80
 1f9 W 80
 1f8 W 20
806d r 20
806e r 4a
806f r 80
 1f7 W 80
 1f6 W 6f
804a r 48
 1f5 W  1
804b r a9
804c r  0
804d r 8d
804e r  2
804f r 70
7002 W  0
8050 r a9
8051 r 40
8052 r 8d
8053 r  1
8054 r 70
7001 W 40
8055 r a9
8056 r c0
8057 r 8d
8058 r  1
8059 r 70
7001 W c0
805a r ad
805b r  0
805c r 70
7000 r 21
805d r 29
805e r 80
805f r d0
8060 r ef
8061 r a9
8062 r 40
8063 r 8d
8064 r  1
8065 r 70
7001 W 40
8066 r a9
8067 r ff
8068 r 8d
8069 r  2
806a r 70
7002 W ff
806b r 68
 1f5 r  1
806c r 60
 1f6 r 6f
 1f7 r 80
8070 r 8d
8071 r  0
8072 r 70
7000 W  1
8073 r 48
 1f7 W  1
8074 r a9
8075 r  0
8076 r 8d
8077 r  1
8078 r 70
7001 W  0
8079 r a9
807a r 80
807b r 8d
807c r  1
807d r 70
7001 W 80
807e r a9
807f r  0
8080 r 8d
8081 r  1
8082 r 70
7001 W  0
8083 r 68
 1f7 r  1
8084 r 60
 1f8 r 20
 1f9 r 80
8021 r a2
8022 r  0
8023 r bd
8024 r 85
8025 r 80
8085 r 48
8026 r f0
8027 r  7
8028 r 20
8029 r 32
802a r 80
 1f9 W 80
 1f8 W 2a
8032 r 20
8033 r 4a
8034 r 80
 1f7 W 80
 1f6 W 34
804a r 48
 1f5 W 48
804b r a9
804c r  0
804d r 8d
804e r  2
804f r 70
7002 W  0
8050 r a9
8051 r 40
8052 r 8d
8053 r  1
8054 r 70
7001 W 40
8055 r a9
8056 r c0
8057 r 8d
8058 r  1
8059 r 70
7001 W c0
805a r ad
805b r  0
805c r 70
7000 r  1
805d r 29
805e r 80
805f r d0
8060 r ef
8061 r a9
8062 r 40
8063 r 8d
8064 r  1
8065 r 70
7001 W 40
8066 r a9
8067 r ff
8068 r 8d
8069 r  2
806a r 70
7002 W ff
806b r 68
 1f5 r 48
806c r 60
 1f6 r 34
 1f7 r 80
8035 r 8d
8036 r  0
8037 r 70
7000 W 48
8038 r 48
 1f7 W 48
8039 r a9
803a r 20
803b r 8d
803c r  1
803d r 70
7001 W 20
803e r a9
803f r a0
8040 r 8d
8041 r  1
8042 r 70
7001 W a0
8043 r a9
8044 r  0
8045 r 8d
8046 r  1
8047 r 70
7001 W  0
8048 r 68
 1f7 r 48
8049 r 60
 1f8 r 2a
 1f9 r 80
802b r e8
802c r 4c
802d r 23
802e r 80
8023 r bd
8024 r 85
8025 r 80
8086 r 65
8026 r f0
8027 r  7
8028 r 20
8029 r 32
802a r 80
 1f9 W 80
 1f8 W 2a
8032 r 20
8033 r 4a
8034 r 80
 1f7 W 80
 1f6 W 34
804a r 48
 1f5 W 65
804b r a9
804c r  0
804d r 8d
804e r  2
804f r 70
7002 W  0
8050 r a9
8051 r 40
8052 r 8d
8053 r  1
8054 r 70
7001 W 40
8055 r a9
8056 r c0
8057 r 8d
8058 r  1
8059 r 70
7001 W c0
805a r ad
805b r  0
805c r 70
7000 r 48
805d r 29
805e r 80
805f r d0
8060 r ef
8061 r a9
8062 r 40
8063 r 8d
8064 r  1
8065 r 70
7001 W 40
8066 r a9
8067 r ff
8068 r 8d
8069 r  2
806a r 70
7002 W ff
806b r 68
 1f5 r 65
806c r 60
 1f6 r 34
 1f7 r 80
8035 r 8d
8036 r  0
8037 r 70
7000 W 65
8038 r 48
 1f7 W 65
8039 r a9
803a r 20
803b r 8d
803c r  1
803d r 70
7001 W 20
803e r a9
803f r a0
8040 r 8d
8041 r  1
8042 r 70
7001 W a0
8043 r a9
8044 r  0
8045 r 8d
8046 r  1
8047 r 70
7001 W  0
8048 r 68
 1f7 r 65
8049 r 60
 1f8 r 2a
 1f9 r 80
802b r e8
802c r 4c
802d r 23
802e r 80
8023 r bd
8024 r 85
8025 r 80
8087 r 6c
8026 r f0
8027 r  7
8028 r 20
8029 r 32
802a r 80
 1f9 W 80
 1f8 W 2a
8032 r 20
8033 r 4a
8034 r 80
 1f7 W 80
 1f6 W 34
804a r 48
 1f5 W 6c
804b r a9
804c r  0
804d r 8d
804e r  2
804f r 70
7002 W  0
8050 r a9
8051 r 40
8052 r 8d
8053 r  1
8054 r 70
7001 W 40
8055 r a9
8056 r c0
8057 r 8d
8058 r  1
8059 r 70
7001 W c0
805a r ad
805b r  0
805c r 70
7000 r 65
805d r 29
805e r 80
805f r d0
8060 r ef
8061 r a9
8062 r 40
8063 r 8d
8064 r  1
8065 r 70
7001 W 40
8066 r a9
8067 r ff
8068 r 8d
8069 r  2
806a r 70
7002 W ff
806b r 68
 1f5 r 6c
806c r 60
 1f6 r 34
 1f7 r 80
8035 r 8d
8036 r  0
8037 r 70
7000 W 6c
8038 r 48
 1f7 W 6c
8039 r a9
803a r 20
803b r 8d
803c r  1
803d r 70
7001 W 20
803e r a9
803f r a0
8040 r 8d
8041 r  1
8042 r 70
7001 W a0
8043 r a9
8044 r  0
8045 r 8d
8046 r  1
8047 r 70
7001 W  0
8048 r 68
 1f7 r 6c
8049 r 60
 1f8 r 2a
 1f9 r 80
802b r e8
802c r 4c
802d r 23
802e r 80
8023 r bd
8024 r 85
8025 r 80
8088 r 6c
8026 r f0
8027 r  7
8028 r 20
8029 r 32
802a r 80
 1f9 W 80
 1f8 W 2a
8032 r 20
8033 r 4a
8034 r 80
 1f7 W 80
 1f6 W 34
804a r 48
 1f5 W 6c
804b r a9
804c r  0
804d r 8d
804e r  2
804f r 70
7002 W  0
8050 r a9
8051 r 40
8052 r 8d
8053 r  1
8054 r 70
7001 W 40
8055 r a9
8056 r c0
8057 r 8d
8058 r  1
8059 r 70
7001 W c0
805a r ad
805b r  0
805c r 70
7000 r 6c
805d r 29
805e r 80
805f r d0
8060 r ef
8061 r a9
8062 r 40
8063 r 8d
8064 r  1
8065 r 70
7001 W 40
8066 r a9
8067 r ff
8068 r 8d
8069 r  2
806a r 70
7002 W ff
806b r 68
 1f5 r 6c
806c r 60
 1f6 r 34
 1f7 r 80
8035 r 8d
8036 r  0
8037 r 70
7000 W 6c
8038 r 48
 1f7 W 6c
8039 r a9
803a r 20
803b r 8d
803c r  1
803d r 70
7001 W 20
803e r a9
803f r a0
8040 r 8d
8041 r  1
8042 r 70
7001 W a0
8043 r a9
8044 r  0
8045 r 8d
8046 r  1
8047 r 70
7001 W  0
8048 r 68
 1f7 r 6c
8049 r 60
 1f8 r 2a
 1f9 r 80
802b r e8
802c r 4c
802d r 23
802e r 80
8023 r bd
8024 r 85
8025 r 80
8089 r 6f
8026 r f0
8027 r  7
8028 r 20
8029 r 32
802a r 80
 1f9 W 80
 1f8 W 2a
8032 r 20
8033 r 4a
8034 r 80
 1f7 W 80
 1f6 W 34
804a r 48
 1f5 W 6f
804b r a9
804c r  0
804d r 8d
804e r  2
804f r 70
7002 W  0
8050 r a9
8051 r 40
8052 r 8d
8053 r  1
8054 r 70
7001 W 40
8055 r a9
8056 r c0
8057 r 8d
8058 r  1
8059 r 70
7001 W c0
805a r ad
805b r  0
805c r 70
7000 r 6c
805d r 29
805e r 80
805f r d0
8060 r ef
8061 r a9
8062 r 40
8063 r 8d
8064 r  1
8065 r 70
7001 W 40
8066 r a9
8067 r ff
8068 r 8d
8069 r  2
806a r 70
7002 W ff
806b r 68
 1f5 r 6f
806c r 60
 1f6 r 34
 1f7 r 80
8035 r 8d
8036 r  0
8037 r 70
7000 W 6f
8038 r 48
 1f7 W 6f
8039 r a9
803a r 20
803b r 8d
803c r  1
803d r 70
7001 W 20
803e r a9
803f r a0
8040 r 8d
8041 r  1
8042 r 70
7001 W a0
8043 r a9
8044 r  0
8045 r 8d
8046 r  1
8047 r 70
7001 W  0
8048 r 68
 1f7 r 6f
8049 r 60
 1f8 r 2a
 1f9 r 80
802b r e8
802c r 4c
802d r 23
802e r 80
8023 r bd
8024 r 85
8025 r 80
808a r 2c
8026 r f0
8027 r  7
8028 r 20
8029 r 32
802a r 80
 1f9 W 80
 1f8 W 2a
8032 r 20
8033 r 4a
8034 r 80
 1f7 W 80
 1f6 W 34
804a r 48
 1f5 W 2c
804b r a9
804c r  0
804d r 8d
804e r  2
804f r 70
7002 W  0
8050 r a9
8051 r 40
8052 r 8d
8053 r  1
8054 r 70
7001 W 40
8055 r a9
8056 r c0
8057 r 8d
8058 r  1
8059 r 70
7001 W c0
805a r ad
805b r  0
805c r 70
7000 r 6f
805d r 29
805e r 80
805f r d0
8060 r ef
8061 r a9
8062 r 40
8063 r 8d
8064 r  1
8065 r 70
7001 W 40
8066 r a9
8067 r ff
8068 r 8d
8069 r  2
806a r 70
7002 W ff
806b r 68
 1f5 r 2c
806c r 60
 1f6 r 34
 1f7 r 80
8035 r 8d
8036 r  0
8037 r 70
7000 W 2c
8038 r 48
 1f7 W 2c
8039 r a9
803a r 20
803b r 8d
803c r  1
803d r 70
7001 W 20
803e r a9
803f r a0
8040 r 8d
8041 r  1
8042 r 70
7001 W a0
8043 r a9
8044 r  0
8045 r 8d
8046 r  1
8047 r 70
7001 W  0
8048 r 68
 1f7 r 2c
8049 r 60
 1f8 r 2a
 1f9 r 80
802b r e8
802c r 4c
802d r 23
802e r 80
8023 r bd
8024 r 85
8025 r 80
808b r 20
8026 r f0
8027 r  7
8028 r 20
8029 r 32
802a r 80
 1f9 W 80
 1f8 W 2a
8032 r 20
8033 r 4a
8034 r 80
 1f7 W 80
 1f6 W 34
804a r 48
 1f5 W 20
804b r a9
804c r  0
804d r 8d
804e r  2
804f r 70
7002 W  0
8050 r a9
8051 r 40
8052 r 8d
8053 r  1
8054 r 70
7001 W 40
8055 r a9
8056 r c0
8057 r 8d
8058 r  1
8059 r 70
7001 W c0
805a r ad
805b r  0
805c r 70
7000 r 2c
805d r 29
805e r 80
805f r d0
8060 r ef
8061 r a9
8062 r 40
8063 r 8d
8064 r  1
8065 r 70
7001 W 40
8066 r a9
8067 r ff
8068 r 8d
8069 r  2
806a r 70
7002 W ff
806b r 68
 1f5 r 20
806c r 60
 1f6 r 34
 1f7 r 80
8035 r 8d
8036 r  0
8037 r 70
7000 W 20
8038 r 48
 1f7 W 20
8039 r a9
803a r 20
803b r 8d
803c r  1
803d r 70
7001 W 20
803e r a9
803f r a0
8040 r 8d
8041 r  1
8042 r 70
7001 W a0
8043 r a9
8044 r  0
8045 r 8d
8046 r  1
8047 r 70
7001 W  0
8048 r 68
 1f7 r 20
8049 r 60
 1f8 r 2a
 1f9 r 80
802b r e8
802c r 4c
802d r 23
802e r 80
8023 r bd
8024 r 85
8025 r 80
808c r 77
8026 r f0
8027 r  7
8028 r 20
8029 r 32
802a r 80
 1f9 W 80
 1f8 W 2a
8032 r 20
8033 r 4a
8034 r 80
 1f7 W 80
 1f6 W 34
804a r 48
 1f5 W 77
804b r a9
804c r  0
804d r 8d
804e r  2
804f r 70
7002 W  0
8050 r a9
8051 r 40
8052 r 8d
8053 r  1
8054 r 70
7001 W 40
8055 r a9
8056 r c0
8057 r 8d
8058 r  1
8059 r 70
7001 W c0
805a r ad
805b r  0
805c r 70
7000 r 20
805d r 29
805e r 80
805f r d0
8060 r ef
8061 r a9
8062 r 40
8063 r 8d
8064 r  1
8065 r 70
7001 W 40
8066 r a9
8067 r ff
8068 r 8d
8069 r  2
806a r 70
7002 W ff
806b r 68
 1f5 r 77
806c r 60
 1f6 r 34
 1f7 r 80
8035 r 8d
8036 r  0
8037 r 70
7000 W 77
8038 r 48
 1f7 W 77
8039 r a9
803a r 20
803b r 8d
803c r  1
803d r 70
7001 W 20
803e r a9
803f r a0
8040 r 8d
8041 r  1
8042 r 70
7001 W a0
8043 r a9
8044 r  0
8045 r 8d
8046 r  1
8047 r 70
7001 W  0
8048 r 68
 1f7 r 77
8049 r 60
 1f8 r 2a
 1f9 r 80
802b r e8
802c r 4c
802d r 23
802e r 80
8023 r bd
8024 r 85
8025 r 80
808d r 6f
8026 r f0
8027 r  7
8028 r 20
8029 r 32
802a r 80
 1f9 W 80
 1f8 W 2a
8032 r 20
8033 r 4a
8034 r 80
 1f7 W 80
 1f6 W 34
804a r 48
 1f5 W 6f
804b r a9
804c r  0
804d r 8d
804e r  2
804f r 70
7002 W  0
8050 r a9
8051 r 40
8052 r 8d
8053 r  1
8054 r 70
7001 W 40
8055 r a9
8056 r c0
8057 r 8d
8058 r  1
8059 r 70
7001 W c0
805a r ad
805b r  0
805c r 70
7000 r 77
805d r 29
805e r 80
805f r d0
8060 r ef
8061 r a9
8062 r 40
8063 r 8d
8064 r  1
8065 r 70
7001 W 40
8066 r a9
8067 r ff
8068 r 8d
8069 r  2
806a r 70
7002 W ff
806b r 68
 1f5 r 6f
806c r 60
 1f6 r 34
 1f7 r 80
8035 r 8d
8036 r  0
8037 r 70
7000 W 6f
8038 r 48
 1f7 W 6f
8039 r a9
803a r 20
803b r 8d
803c r  1
803d r 70
7001 W 20
803e r a9
803f r a0
8040 r 8d
8041 r  1
8042 r 70
7001 W a0
8043 r a9
8044 r  0
8045 r 8d
8046 r  1
8047 r 70
7001 W  0
8048 r 68
 1f7 r 6f
8049 r 60
 1f8 r 2a
 1f9 r 80
802b r e8
802c r 4c
802d r 23
802e r 80
8023 r bd
8024 r 85
8025 r 80
808e r 72
8026 r f0
8027 r  7
8028 r 20
8029 r 32
802a r 80
 1f9 W 80
 1f8 W 2a
8032 r 20
8033 r 4a
8034 r 80
 1f7 W 80
 1f6 W 34
804a r 48
 1f5 W 72
804b r a9
804c r  0
804d r 8d
804e r  2
804f r 70
7002 W  0
8050 r a9
8051 r 40
8052 r 8d
8053 r  1
8054 r 70
7001 W 40
8055 r a9
8056 r c0
8057 r 8d
8058 r  1
8059 r 70
7001 W c0
805a r ad
805b r  0
805c r 70
7000 r 6f
805d r 29
805e r 80
805f r d0
8060 r ef
8061 r a9
8062 r 40
8063 r 8d
8064 r  1
8065 r 70
7001 W 40
8066 r a9
8067 r ff
8068 r 8d
8069 r  2
806a r 70
7002 W ff
806b r 68
 1f5 r 72
806c r 60
 1f6 r 34
 1f7 r 80
8035 r 8d
8036 r  0
8037 r 70
7000 W 72
8038 r 48
 1f7 W 72
8039 r a9
803a r 20
803b r 8d
803c r  1
803d r 70
7001 W 20
803e r a9
803f r a0
8040 r 8d
8041 r  1
8042 r 70
7001 W a0
8043 r a9
8044 r  0
8045 r 8d
8046 r  1
8047 r 70
7001 W  0
8048 r 68
 1f7 r 72
8049 r 60
 1f8 r 2a
 1f9 r 80
802b r e8
802c r 4c
802d r 23
802e r 80
8023 r bd
8024 r 85
8025 r 80
808f r 6c
8026 r f0
8027 r  7
8028 r 20
8029 r 32
802a r 80
 1f9 W 80
 1f8 W 2a
8032 r 20
8033 r 4a
8034 r 80
 1f7 W 80
 1f6 W 34
804a r 48
 1f5 W 6c
804b r a9
804c r  0
804d r 8d
804e r  2
804f r 70
7002 W  0
8050 r a9
8051 r 40
8052 r 8d
8053 r  1
8054 r 70
7001 W 40
8055 r a9
8056 r c0
8057 r 8d
8058 r  1
8059 r 70
7001 W c0
805a r ad
805b r  0
805c r 70
7000 r 72
805d r 29
805e r 80
805f r d0
8060 r ef
8061 r a9
8062 r 40
8063 r 8d
8064 r  1
8065 r 70
7001 W 40
8066 r a9
8067 r ff
8068 r 8d
8069 r  2
806a r 70
7002 W ff
806b r 68
 1f5 r 6c
806c r 60
 1f6 r 34
 1f7 r 80
8035 r 8d
8036 r  0
8037 r 70
7000 W 6c
8038 r 48
 1f7 W 6c
8039 r a9
803a r 20
803b r 8d
803c r  1
803d r 70
7001 W 20
803e r a9
803f r a0
8040 r 8d
8041 r  1
8042 r 70
7001 W a0
8043 r a9
8044 r  0
8045 r 8d
8046 r  1
8047 r 70
7001 W  0
8048 r 68
 1f7 r 6c
8049 r 60
 1f8 r 2a
 1f9 r 80
802b r e8
802c r 4c
802d r 23
802e r 80
8023 r bd
8024 r 85
8025 r 80
8090 r 64
8026 r f0
8027 r  7
8028 r 20
8029 r 32
802a r 80
 1f9 W 80
 1f8 W 2a
8032 r 20
8033 r 4a
8034 r 80
 1f7 W 80
 1f6 W 34
804a r 48
 1f5 W 64
804b r a9
804c r  0
804d r 8d
804e r  2
804f r 70
7002 W  0
8050 r a9
8051 r 40
8052 r 8d
8053 r  1
8054 r 70
7001 W 40
8055 r a9
8056 r c0
8057 r 8d
8058 r  1
8059 r 70
7001 W c0
805a r ad
805b r  0
805c r 70
7000 r 6c
805d r 29
805e r 80
805f r d0
8060 r ef
8061 r a9
8062 r 40
8063 r 8d
8064 r  1
8065 r 70
7001 W 40
8066 r a9
8067 r ff
8068 r 8d
8069 r  2
806a r 70
7002 W ff
806b r 68
 1f5 r 64
806c r 60
 1f6 r 34
 1f7 r 80
8035 r 8d
8036 r  0
8037 r 70
7000 W 64
8038 r 48
 1f7 W 64
8039 r a9
803a r 20
803b r 8d
803c r  1
803d r 70
7001 W 20
803e r a9
803f r a0
8040 r 8d
8041 r  1
8042 r 70
7001 W a0
8043 r a9
8044 r  0
8045 r 8d
8046 r  1
8047 r 70
7001 W  0
8048 r 68
 1f7 r 64
8049 r 60
 1f8 r 2a
 1f9 r 80
802b r e8
802c r 4c
802d r 23
802e r 80
8023 r bd
8024 r 85
8025 r 80
8091 r 21
8026 r f0
8027 r  7
8028 r 20
8029 r 32
802a r 80
 1f9 W 80
 1f8 W 2a
8032 r 20
8033 r 4a
8034 r 80
 1f7 W 80
 1f6 W 34
804a r 48
 1f5 W 21
804b r a9
804c r  0
804d r 8d
804e r  2
804f r 70
7002 W  0
8050 r a9
8051 r 40
8052 r 8d
8053 r  1
8054 r 70
7001 W 40
8055 r a9
8056 r c0
8057 r 8d
8058 r  1
8059 r 70
7001 W c0
805a r ad
805b r  0
805c r 70
7000 r 64
805d r 29
805e r 80
805f r d0
8060 r ef
8061 r a9
8062 r 40
8063 r 8d
8064 r  1
8065 r 70
7001 W 40
8066 r a9
8067 r ff
8068 r 8d
8069 r  2
806a r 70
7002 W ff
806b r 68
 1f5 r 21
806c r 60
 1f6 r 34
 1f7 r 80
8035 r 8d
8036 r  0
8037 r 70
7000 W 21
8038 r 48
 1f7 W 21
8039 r a9
803a r 20
803b r 8d
803c r  1
803d r 70
7001 W 20
803e r a9
803f r a0
8040 r 8d
8041 r  1
8042 r 70
7001 W a0
8043 r a9
8044 r  0
8045 r 8d
8046 r  1
8047 r 70
7001 W  0
8048 r 68
 1f7 r 21
8049 r 60
 1f8 r 2a
 1f9 r 80
802b r e8
802c r 4c
802d r 23
802e r 80
8023 r bd
8024 r 85
8025 r 80
8092 r  0
8026 r f0
8027 r  7
802f r 20
8030 r 1c
8031 r 80
 1f9 W 80
 1f8 W 31
801c r a9
801d r  1
801e r 20
801f r 6d
8020 r 80
 1f7 W 80
 1f6 W 20
806d r 20
806e r 4a
806f r 80
 1f5 W 80
 1f4 W 6f
804a r 48
 1f3 W  1
804b r a9
804c r  0
804d r 8d
804e r  2
804f r 70
7002 W  0
8050 r a9
8051 r 40
8052 r 8d
8053 r  1
8054 r 70
7001 W 40
8055 r a9
8056 r c0
8057 r 8d
8058 r  1
8059 r 70
7001 W c0
805a r ad
805b r  0
805c r 70
7000 r 21
805d r 29
805e r 80
805f r d0
8060 r ef
8061 r a9
8062 r 40
8063 r 8d
8064 r  1
8065 r 70
7001 W 40
8066 r a9
8067 r ff
8068 r 8d
8069 r  2
806a r 70
7002 W ff
806b r 68
 1f3 r  1
806c r 60
 1f4 r 6f
 1f5 r 80
8070 r 8d
8071 r  0
8072 r 70
7000 W  1
8073 r 48
 1f5 W  1
8074 r a9
8075 r  0
8076 r 8d
8077 r  1
8078 r 70
7001 W  0
8079 r a9
807a r 80
807b r 8d
807c r  1
807d r 70
7001 W 80
807e r a9
807f r  0
8080 r 8d
8081 r  1
8082 r 70
7001 W  0
8083 r 68
 1f5 r  1
8084 r 60
 1f6 r 20
 1f7 r 80
8021 r a2
8022 r  0
8023 r bd
8024 r 85
8025 r 80
8085 r 48
8026 r f0
8027 r  7
8028 r 20
8029 r 32
802a r 80
 1f7 W 80
 1f6 W 2a
8032 r 20
8033 r 4a
8034 r 80
 1f5 W 80
 1f4 W 34
804a r 48
 1f3 W 48
804b r a9
804c r  0
804d r 8d
804e r  2
804f r 70
7002 W  0
8050 r a9
8051 r 40
8052 r 8d
8053 r  1
8054 r 70
7001 W 40
8055 r a9
8056 r c0
8057 r 8d
8058 r  1
8059 r 70
7001 W c0
805a r ad
805b r  0
805c r 70
7000 r  1
805d r 29
805e r 80
805f r d0
8060 r ef
8061 r a9
8062 r 40
8063 r 8d
8064 r  1
8065 r 70
7001 W 40
8066 r a9
8067 r ff
8068 r 8d
8069 r  2
806a r 70
7002 W ff
806b r 68
 1f3 r 48
806c r 60
 1f4 r 34
 1f5 r 80
8035 r 8d
8036 r  0
8037 r 70
7000 W 48
8038 r 48
 1f5 W 48
8039 r a9
803a r 20
803b r 8d
803c r  1
803d r 70
7001 W 20
803e r a9
803f r a0
8040 r 8d
8041 r  1
8042 r 70
7001 W a0
8043 r a9
8044 r  0
8045 r 8d
8046 r  1
8047 r 70
7001 W  0
8048 r 68
 1f5 r 48
8049 r 60
 1f6 r 2a
 1f7 r 80
802b r e8
802c r 4c
802d r 23
802e r 80
8023 r bd
8024 r 85
8025 r 80
8086 r 65
8026 r f0
8027 r  7
8028 r 20
8029 r 32
802a r 80
 1f7 W 80
 1f6 W 2a
8032 r 20
8033 r 4a
8034 r 80
 1f5 W 80
 1f4 W 34
804a r 48
 1f3 W 65
804b r a9
804c r  0
804d r 8d
804e r  2
804f r 70
7002 W  0
8050 r a9
8051 r 40
8052 r 8d
8053 r  1
8054 r 70
7001 W 40
8055 r a9
8056 r c0
8057 r 8d
8058 r  1
8059 r 70
7001 W c0
805a r ad
805b r  0
805c r 70
7000 r 48
805d r 29
805e r 80
805f r d0
8060 r ef
8061 r a9
8062 r 40
8063 r 8d
8064 r  1
8065 r 70
7001 W 40
8066 r a9
8067 r ff
8068 r 8d
8069 r  2
806a r 70
7002 W ff
806b r 68
 1f3 r 65
806c r 60
 1f4 r 34
 1f5 r 80
8035 r 8d
8036 r  0
8037 r 70
7000 W 65
8038 r 48
 1f5 W 65
8039 r a9
803a r 20
803b r 8d
803c r  1
803d r 70
7001 W 20
803e r a9
803f r a0
8040 r 8d
8041 r  1
8042 r 70
7001 W a0
8043 r a9
8044 r  0
8045 r 8d
8046 r  1
8047 r 70
7001 W  0
8048 r 68
 1f5 r 65
8049 r 60
 1f6 r 2a
 1f7 r 80
802b r e8
802c r 4c
802d r 23
802e r 80
8023 r bd
8024 r 85
8025 r 80
8087 r 6c
8026 r f0
8027 r  7
8028 r 20
8029 r 32
802a r 80
 1f7 W 80
 1f6 W 2a
8032 r 20
8033 r 4a
8034 r 80
 1f5 W 80
 1f4 W 34
804a r 48
 1f3 W 6c
804b r a9
804c r  0
804d r 8d
804e r  2
804f r 70
7002 W  0
8050 r a9
8051 r 40
8052 r 8d
8053 r  1
8054 r 70
7001 W 40
8055 r a9
8056 r c0
8057 r 8d
8058 r  1
8059 r 70
7001 W c0
805a r ad
805b r  0
805c r 70
7000 r 65
805d r 29
805e r 80
805f r d0
8060 r ef
8061 r a9
8062 r 40
8063 r 8d
8064 r  1
8065 r 70
7001 W 40
8066 r a9
8067 r ff
8068 r 8d
8069 r  2
806a r 70
7002 W ff
806b r 68
 1f3 r 6c
806c r 60
 1f4 r 34
 1f5 r 80
8035 r 8d
8036 r  0
8037 r 70
7000 W 6c
8038 r 48
 1f5 W 6c
8039 r a9
803a r 20
803b r 8d
803c r  1
803d r 70
7001 W 20
803e r a9
803f r a0
8040 r 8d
8041 r  1
8042 r 70
7001 W a0
8043 r a9
8044 r  0
8045 r 8d
8046 r  1
8047 r 70
7001 W  0
8048 r 68
 1f5 r 6c
8049 r 60
 1f6 r 2a
 1f7 r 80
802b r e8
802c r 4c
802d r 23
802e r 80
8023 r bd
8024 r 85
8025 r 80
8088 r 6c
8026 r f0
8027 r  7
8028 r 20
8029 r 32
802a r 80
 1f7 W 80
 1f6 W 2a
8032 r 20
8033 r 4a
8034 r 80
 1f5 W 80
 1f4 W 34
804a r 48
 1f3 W 6c
804b r a9
804c r  0
804d r 8d
804e r  2
804f r 70
7002 W  0
8050 r a9
8051 r 40
8052 r 8d
8053 r  1
8054 r 70
7001 W 40
8055 r a9
8056 r c0
8057 r 8d
8058 r  1
8059 r 70
7001 W c0
805a r ad
805b r  0
805c r 70
7000 r 6c
805d r 29
805e r 80
805f r d0
8060 r ef
8061 r a9
8062 r 40
8063 r 8d
8064 r  1
8065 r 70
7001 W 40
8066 r a9
8067 r ff
8068 r 8d
8069 r  2
806a r 70
7002 W ff
806b r 68
 1f3 r 6c
806c r 60
 1f4 r 34
 1f5 r 80
8035 r 8d
8036 r  0
8037 r 70
7000 W 6c
8038 r 48
 1f5 W 6c
8039 r a9
803a r 20
803b r 8d
803c r  1
803d r 70
7001 W 20
803e r a9
803f r a0
8040 r 8d
8041 r  1
8042 r 70
7001 W a0
8043 r a9
8044 r  0
8045 r 8d
8046 r  1
8047 r 70
7001 W  0
8048 r 68
 1f5 r 6c
8049 r 60
 1f6 r 2a
 1f7 r 80
802b r e8
802c r 4c
802d r 23
802e r 80
8023 r bd
8024 r 85
8025 r 80
8089 r 6f
8026 r f0
8027 r  7
8028 r 20
8029 r 32
802a r 80
 1f7 W 80
 1f6 W 2a
8032 r 20
8033 r 4a
8034 r 80
 1f5 W 80
 1f4 W 34
804a r 48
 1f3 W 6f
804b r a9
804c r  0
804d r 8d
804e r  2
804f r 70
7002 W  0
8050 r a9
8051 r 40
8052 r 8d
8053 r  1
8054 r 70
7001 W 40
8055 r a9
8056 r c0
8057 r 8d
8058 r  1
8059 r 70
7001 W c0
805a r ad
805b r  0
805c r 70
7000 r 6c
805d r 29
805e r 80
805f r d0
8060 r ef
8061 r a9
8062 r 40
8063 r 8d
8064 r  1
8065 r 70
7001 W 40
8066 r a9
8067 r ff
8068 r 8d
8069 r  2
806a r 70
7002 W ff
806b r 68
 1f3 r 6f
806c r 60
 1f4 r 34
 1f5 r 80
8035 r 8d
8036 r  0
8037 r 70
7000 W 6f
8038 r 48
 1f5 W 6f
8039 r a9
803a r 20
803b r 8d
803c r  1
803d r 70
7001 W 20
803e r a9
803f r a0
8040 r 8d
8041 r  1
8042 r 70
7001 W a0
8043 r a9
8044 r  0
8045 r 8d
8046 r  1
8047 r 70
7001 W  0
8048 r 68
 1f5 r 6f
8049 r 60
 1f6 r 2a
 1f7 r 80
802b r e8
802c r 4c
802d r 23
802e r 80
8023 r bd
8024 r 85
8025 r 80
808a r 2c
8026 r f0
8027 r  7
8028 r 20
8029 r 32
802a r 80
 1f7 W 80
 1f6 W 2a
8032 r 20
8033 r 4a
8034 r 80
 1f5 W 80
 1f4 W 34
804a r 48
 1f3 W 2c
804b r a9
804c r  0
804d r 8d
804e r  2
804f r 70
7002 W  0
8050 r a9
8051 r 40
8052 r 8d
8053 r  1
8054 r 70
7001 W 40
8055 r a9
8056 r c0
8057 r 8d
8058 r  1
8059 r 70
7001 W c0
805a r ad
805b r  0
805c r 70
7000 r 6f
805d r 29
805e r 80
805f r d0
8060 r ef
8061 r a9
8062 r 40
8063 r 8d
8064 r  1
8065 r 70
7001 W 40
8066 r a9
8067 r ff
8068 r 8d
8069 r  2
806a r 70
7002 W ff
806b r 68
 1f3 r 2c
806c r 60
 1f4 r 34
 1f5 r 80
8035 r 8d
8036 r  0
8037 r 70
7000 W 2c
8038 r 48
 1f5 W 2c
8039 r a9
803a r 20
803b r 8d
803c r  1
803d r 70
7001 W 20
803e r a9
803f r a0
8040 r 8d
8041 r  1
8042 r 70
7001 W a0
8043 r a9
8044 r  0
8045 r 8d
8046 r  1
8047 r 70
7001 W  0
8048 r 68
 1f5 r 2c
8049 r 60
 1f6 r 2a
 1f7 r 80
802b r e8
802c r 4c
802d r 23
802e r 80
8023 r bd
8024 r 85
8025 r 80
808b r 20
8026 r f0
8027 r  7
8028 r 20
8029 r 32
802a r 80
 1f7 W 80
 1f6 W 2a
8032 r 20
8033 r 4a
8034 r 80
 1f5 W 80
 1f4 W 34
804a r 48
 1f3 W 20
804b r a9
804c r  0
804d r 8d
804e r  2
804f r 70
7002 W  0
8050 r a9
8051 r 40
8052 r 8d
8053 r  1
8054 r 70
7001 W 40
8055 r a9
8056 r c0
8057 r 8d
8058 r  1
8059 r 70
7001 W c0
805a r ad
805b r  0
805c r 70
7000 r 2c
805d r 29
805e r 80
805f r d0
8060 r ef
8061 r a9
8062 r 40
8063 r 8d
8064 r  1
8065 r 70
7001 W 40
8066 r a9
8067 r ff
8068 r 8d
8069 r  2
806a r 70
7002 W ff
806b r 68
 1f3 r 20
806c r 60
 1f4 r 34
 1f5 r 80
8035 r 8d
8036 r  0
8037 r 70
7000 W 20
8038 r 48
 1f5 W 20
8039 r a9
803a r 20
803b r 8d
803c r  1
803d r 70
7001 W 20
803e r a9
803f r a0
8040 r 8d
8041 r  1
8042 r 70
7001 W a0
8043 r a9
8044 r  0
8045 r 8d
8046 r  1
8047 r 70
7001 W  0
8048 r 68
 1f5 r 20
8049 r 60
 1f6 r 2a
 1f7 r 80
802b r e8
802c r 4c
802d r 23
802e r 80
8023 r bd
8024 r 85
8025 r 80
808c r 77
8026 r f0
8027 r  7
8028 r 20
8029 r 32
802a r 80
 1f7 W 80
 1f6 W 2a
8032 r 20
8033 r 4a
8034 r 80
 1f5 W 80
 1f4 W 34
804a r 48
 1f3 W 77
804b r a9
804c r  0
804d r 8d
804e r  2
804f r 70
7002 W  0
8050 r a9
8051 r 40
8052 r 8d
8053 r  1
8054 r 70
7001 W 40
8055 r a9
8056 r c0
8057 r 8d
8058 r  1
8059 r 70
7001 W c0
805a r ad
805b r  0
805c r 70
7000 r 20
805d r 29
805e r 80
805f r d0
8060 r ef
8061 r a9
8062 r 40
8063 r 8d
8064 r  1
8065 r 70
7001 W 40
8066 r a9
8067 r ff
8068 r 8d
8069 r  2
806a r 70
7002 W ff
806b r 68
 1f3 r 77
806c r 60
 1f4 r 34
 1f5 r 80
8035 r 8d
8036 r  0
8037 r 70
7000 W 77
8038 r 48
 1f5 W 77
8039 r a9
803a r 20
803b r 8d
803c r  1
803d r 70
7001 W 20
803e r a9
803f r a0
8040 r 8d
8041 r  1
8042 r 70
7001 W a0
8043 r a9
8044 r  0
8045 r 8d
8046 r  1
8047 r 70
7001 W  0
8048 r 68
 1f5 r 77
8049 r 60
 1f6 r 2a
 1f7 r 80
802b r e8
802c r 4c
802d r 23
802e r 80
8023 r bd
8024 r 85
8025 r 80
808d r 6f
8026 r f0
8027 r  7
8028 r 20
8029 r 32
802a r 80
 1f7 W 80
 1f6 W 2a
8032 r 20
8033 r 4a
8034 r 80
 1f5 W 80
 1f4 W 34
804a r 48
 1f3 W 6f
804b r a9
804c r  0
804d r 8d
804e r  2
804f r 70
7002 W  0
8050 r a9
8051 r 40
8052 r 8d
8053 r  1
8054 r 70
7001 W 40
8055 r a9
8056 r c0
8057 r 8d
8058 r  1
8059 r 70
7001 W c0
805a r ad
805b r  0
805c r 70
7000 r 77
805d r 29
805e r 80
805f r d0
8060 r ef
8061 r a9
8062 r 40
8063 r 8d
8064 r  1
8065 r 70
7001 W 40
8066 r a9
8067 r ff
8068 r 8d
8069 r  2
806a r 70
7002 W ff
806b r 68
 1f3 r 6f
806c r 60
 1f4 r 34
 1f5 r 80
8035 r 8d
8036 r  0
8037 r 70
7000 W 6f
8038 r 48
 1f5 W 6f
8039 r a9
803a r 20
803b r 8d
803c r  1
803d r 70
7001 W 20
803e r a9
803f r a0
8040 r 8d
8041 r  1
8042 r 70
7001 W a0
8043 r a9
8044 r  0
8045 r 8d
8046 r  1
8047 r 70
7001 W  0
8048 r 68
 1f5 r 6f
8049 r 60
 1f6 r 2a
 1f7 r 80
802b r e8
802c r 4c
802d r 23
802e r 80
8023 r bd
8024 r 85
8025 r 80
808e r 72
8026 r f0
8027 r  7
8028 r 20
8029 r 32
802a r 80
 1f7 W 80
 1f6 W 2a
8032 r 20
8033 r 4a
8034 r 80
 1f5 W 80
 1f4 W 34
804a r 48
 1f3 W 72
804b r a9
804c r  0
804d r 8d
804e r  2
804f r 70
7002 W  0
8050 r a9
8051 r 40
8052 r 8d
8053 r  1
8054 r 70
7001 W 40
8055 r a9
8056 r c0
8057 r 8d
8058 r  1
8059 r 70
7001 W c0
805a r ad
805b r  0
805c r 70
7000 r 6f
805d r 29
805e r 80
805f r d0
8060 r ef
8061 r a9
8062 r 40
8063 r 8d
8064 r  1
8065 r 70
7001 W 40
8066 r a9
8067 r ff
8068 r 8d
8069 r  2
806a r 70
7002 W ff
806b r 68
 1f3 r 72
806c r 60
 1f4 r 34
 1f5 r