LCD_DDRB: ff
LCD_DDRA: ff
LCD_DDRB: 0
LCD_PORTA: 40
LCD_PORTA: c0
LCD_PORTA: 40
LCD_DDRB: ff
LCD_PORTB: 38
LCD_PORTA: 0
LCD_PORTA: 80
LCD_PORTA: 0
LCD_DDRB: 0
LCD_PORTA: 40
LCD_PORTA: c0
LCD_PORTA: 40
LCD_DDRB: ff
LCD_PORTB: e
LCD_PORTA: 0
LCD_PORTA: 80
LCD_PORTA: 0
LCD_DDRB: 0
LCD_PORTA: 40
LCD_PORTA: c0
LCD_PORTA: 40
LCD_DDRB: ff
LCD_PORTB: 6
LCD_PORTA: 0
LCD_PORTA: 80
LCD_PORTA: 0
LCD_DDRB: 0
LCD_PORTA: 40
LCD_PORTA: c0
LCD_PORTA: 40
LCD_DDRB: ff
LCD_PORTB: 1
LCD_PORTA: 0
LCD_PORTA: 80
LCD_PORTA: 0
LCD_DDRB: 0
LCD_PORTA: 40
LCD_PORTA: c0
LCD_PORTA: 40
LCD_DDRB: ff
LCD_PORTB: 48
LCD_PORTA: 20
LCD_PORTA: a0
LCD_PORTA: 0
LCD_DDRB: 0
LCD_PORTA: 40
LCD_PORTA: c0
LCD_PORTA: 40
LCD_DDRB: ff
LCD_PORTB: 65
LCD_PORTA: 20
LCD_PORTA: a0
LCD_PORTA: 0
LCD_DDRB: 0
LCD_PORTA: 40
LCD_PORTA: c0
LCD_PORTA: 40
LCD_DDRB: ff
LCD_PORTB: 6c
LCD_PORTA: 20
LCD_PORTA: a0
LCD_PORTA: 0
LCD_DDRB: 0
LCD_PORTA: 40
LCD_PORTA: c0
LCD_PORTA: 40
LCD_DDRB: ff
LCD_PORTB: 6c
LCD_PORTA: 20
LCD_PORTA: a0
LCD_PORTA: 0
LCD_DDRB: 0
LCD_PORTA: 40
LCD_PORTA: c0
LCD_PORTA: 40
LCD_DDRB: ff
LCD_PORTB: 6f
LCD_PORTA: 20
LCD_PORTA: a0
LCD_PORTA: 0
LCD_DDRB: 0
LCD_PORTA: 40
LCD_PORTA: c0
LCD_PORTA: 40
LCD_DDRB: ff
LCD_PORTB: 2c
LCD_PORTA: 20
LCD_PORTA: a0
LCD_PORTA: 0
LCD_DDRB: 0
LCD_PORTA: 40
LCD_PORTA: c0
LCD_PORTA: 40
LCD_DDRB: ff
LCD_PORTB: 20
LCD_PORTA: 20
LCD_PORTA: a0
LCD_PORTA: 0
LCD_DDRB: 0
LCD_PORTA: 40
LCD_PORTA: c0
LCD_PORTA: 40
LCD_DDRB: ff
LCD_PORTB: 77
LCD_PORTA: 20
LCD_PORTA: a0
LCD_PORTA: 0
LCD_DDRB: 0
LCD_PORTA: 40
LCD_PORTA: c0
LCD_PORTA: 40
LCD_DDRB: ff
LCD_PORTB: 6f
LCD_PORTA: 20
LCD_PORTA: a0
LCD_PORTA: 0
LCD_DDRB: 0
LCD_PORTA: 40
LCD_PORTA: c0
LCD_PORTA: 40
LCD_DDRB: ff
LCD_PORTB: 72
LCD_PORTA: 20
LCD_PORTA: a0
LCD_PORTA: 0
LCD_DDRB: 0
LCD_PORTA: 40
LCD_PORTA: c0
LCD_PORTA: 40
LCD_DDRB: ff
LCD_PORTB: 6c
LCD_PORTA: 20
LCD_PORTA: a0
LCD_PORTA: 0
LCD_DDRB: 0
LCD_PORTA: 40
LCD_PORTA: c0
LCD_PORTA: 40
LCD_DDRB: ff
LCD_PORTB: 64
LCD_PORTA: 20
LCD_PORTA: a0
LCD_PORTA: 0
LCD_DDRB: 0
LCD_PORTA: 40
LCD_PORTA: c0
LCD_PORTA: 40
LCD_DDRB: ff
LCD_PORTB: 21
LCD_PORTA: 20
LCD_PORTA: a0
LCD_PORTA: 0
LCD_DDRB: 0
LCD_PORTA: 40
LCD_PORTA: c0
LCD_PORTA: 40
LCD_DDRB: ff
LCD_PORTB: 1
LCD_PORTA: 0
LCD_PORTA: 80
LCD_PORTA: 0
LCD_DDRB: 0
LCD_PORTA: 40
LCD_PORTA: c0
LCD_PORTA: 40
LCD_DDRB: ff
LCD_PORTB: 48
LCD_PORTA: 20
LCD_PORTA: a0
LCD_PORTA: 0
LCD_DDRB: 0
LCD_PORTA: 40
LCD_PORTA: c0
LCD_PORTA: 40
LCD_DDRB: ff
LCD_PORTB: 65
LCD_PORTA: 20
LCD_PORTA: a0
LCD_PORTA: 0
LCD_DDRB: 0
LCD_PORTA: 40
LCD_PORTA: c0
LCD_PORTA: 40
LCD_DDRB: ff
LCD_PORTB: 6c
LCD_PORTA: 20
LCD_PORTA: a0
LCD_PORTA: 0
LCD_DDRB: 0
LCD_PORTA: 40
LCD_PORTA: c0
LCD_PORTA: 40
LCD_DDRB: ff
LCD_PORTB: 6c
LCD_PORTA: 20
LCD_PORTA: a0
LCD_PORTA: 0
LCD_DDRB: 0
LCD_PORTA: 40
LCD_PORTA: c0
LCD_PORTA: 40
LCD_DDRB: ff
LCD_PORTB: 6f
LCD_PORTA: 20
LCD_PORTA: a0
LCD_PORTA: 0
LCD_DDRB: 0
LCD_PORTA: 40
LCD_PORTA: c0
LCD_PORTA: 40
LCD_DDRB: ff
LCD_PORTB: 2c
LCD_PORTA: 20
LCD_PORTA: a0
LCD_PORTA: 0
LCD_DDRB: 0
LCD_PORTA: 40
LCD_PORTA: c0
LCD_PORTA: 40
LCD_DDRB: ff
LCD_PORTB: 20
LCD_PORTA: 20
LCD_PORTA: a0
LCD_PORTA: 0
LCD_DDRB: 0
LCD_PORTA: 40
LCD_PORTA: c0
LCD_PORTA: 40
LCD_DDRB: ff
LCD_PORTB: 77
LCD_PORTA: 20
LCD_PORTA: a0
LCD_PORTA: 0
LCD_DDRB: 0
LCD_PORTA: 40
LCD_PORTA: c0
LCD_PORTA: 40
LCD_DDRB: ff
LCD_PORTB: 6f
LCD_PORTA: 20
LCD_PORTA: a0
LCD_PORTA: 0
LCD_DDRB: 0
LCD_PORTA: 40
LCD_PORTA: c0
LCD_PORTA: 40
LCD_DDRB: ff
LCD_PORTB: 72
LCD_PORTA: 20
LCD_PORTA: a0
LCD_PORTA: 0
LCD_DDRB: 0
LCD_PORTA: 40
LCD_PORTA: c0
LCD_PORTA: 40
LCD_DDRB: ff
LCD_PORTB: 6c
LCD_PORTA: 20
LCD_PORTA: a0
LCD_PORTA: 0
LCD_DDRB: 0
LCD_PORTA: 40
LCD_PORTA: c0
LCD_PORTA: 40
LCD_DDRB: ff
LCD_PORTB: 64
LCD_PORTA: 20
LCD_PORTA: a0
LCD_PORTA: 0
LCD_DDRB: 0
LCD_PORTA: 40
LCD_PORTA: c0
LCD_PORTA: 40
LCD_DDRB: ff
LCD_PORTB: 21
LCD_PORTA: 20
LCD_PORTA: a0
LCD_PORTA: 0
LCD_DDRB: 0
LCD_PORTA: 40
LCD_PORTA: c0
LCD_PORTA: 40
LCD_DDRB: ff
LCD_PORTB: 1
LCD_PORTA: 0
LCD_PORTA: 80
LCD_PORTA: 0
LCD_DDRB: 0
LCD_PORTA: 40
LCD_PORTA: c0
LCD_PORTA: 40
LCD_DDRB: ff
LCD_PORTB: 48
LCD_PORTA: 20
LCD_PORTA: a0
LCD_PORTA: 0
LCD_DDRB: 0
LCD_PORTA: 40
LCD_PORTA: c0
LCD_PORTA: 40
LCD_DDRB: ff
LCD_PORTB: 65
LCD_PORTA: 20
LCD_PORTA: a0
LCD_PORTA: 0
LCD_DDRB: 0
LCD_PORTA: 40
LCD_PORTA: c0
LCD_PORTA: 40
LCD_DDRB: ff
LCD_PORTB: 6c
LCD_PORTA: 20
LCD_PORTA: a0
LCD_PORTA: 0
LCD_DDRB: 0
LCD_PORTA: 40
LCD_PORTA: c0
LCD_PORTA: 40
LCD_DDRB: ff
LCD_PORTB: 6c
LCD_PORTA: 20
LCD_PORTA: a0
LCD_PORTA: 0
LCD_DDRB: 0
LCD_PORTA: 40
LCD_PORTA: c0
LCD_PORTA: 40
LCD_DDRB: ff
LCD_PORTB: 6f
LCD_PORTA: 20
LCD_PORTA: a0
LCD_PORTA: 0
LCD_DDRB: 0
LCD_PORTA: 40
LCD_PORTA: c0
LCD_PORTA: 40
LCD_DDRB: ff
LCD_PORTB: 2c
LCD_PORTA: 20
LCD_PORTA: a0
LCD_PORTA: 0
LCD_DDRB: 0
LCD_PORTA: 40
LCD_PORTA: c0
LCD_PORTA: 40
LCD_DDRB: ff
LCD_PORTB: 20
LCD_PORTA: 20
LCD_PORTA: a0
LCD_PORTA: 0
LCD_DDRB: 0
LCD_PORTA: 40
LCD_PORTA: c0
LCD_PORTA: 40
LCD_DDRB: ff
LCD_PORTB: 77
LCD_PORTA: 20
LCD_PORTA: a0
LCD_PORTA: 0
LCD_DDRB: 0
LCD_PORTA: 40
LCD_PORTA: c0
LCD_PORTA: 40
LCD_DDRB: ff
LCD_PORTB: 6f
LCD_PORTA: 20
LCD_PORTA: a0
LCD_PORTA: 0
LCD_DDRB: 0
LCD_PORTA: 40
LCD_PORTA: c0
LCD_PORTA: 40
LCD_DDRB: ff
LCD_PORTB: 72
LCD_PORTA: 20
LCD_PORTA: a0
LCD_PORTA: 0
LCD_DDRB: 0
LCD_PORTA: 40
LCD_PORTA: c0
LCD_PORTA: 40
LCD_DDRB: ff
LCD_PORTB: 6c
LCD_PORTA: 20
LCD_PORTA: a0
LCD_PORTA: 0
LCD_DDRB: 0
LCD_PORTA: 40
LCD_PORTA: c0
LCD_PORTA: 40
LCD_DDRB: ff
LCD_PORTB: 64
LCD_PORTA: 20
LCD_PORTA: a0
LCD_PORTA: 0
LCD_DDRB: 0
LCD_PORTA: 40
LCD_PORTA: c0
LCD_PORTA: 40
LCD_DDRB: ff
LCD_PORTB: 21
LCD_PORTA: 20
LCD_PORTA: a0
LCD_PORTA: 0
LCD_DDRB: 0
LCD_PORTA: 40
LCD_PORTA: c0
LCD_PORTA: 40
LCD_DDRB: ff
LCD_PORTB: 1
LCD_PORTA: 0
LCD_PORTA: 80
LCD_PORTA: 0
LCD_DDRB: 0
LCD_PORTA: 40
LCD_PORTA: c0
LCD_PORTA: 40
LCD_DDRB: ff
LCD_PORTB: 48
LCD_PORTA: 20
LCD_PORTA: a0
LCD_PORTA: 0
LCD_DDRB: 0
LCD_PORTA: 40
LCD_PORTA: c0
LCD_PORTA: 40
LCD_DDRB: ff
LCD_PORTB: 65
LCD_PORTA: 20
LCD_PORTA: a0
LCD_PORTA: 0
LCD_DDRB: 0
LCD_PORTA: 40
LCD_PORTA: c0
LCD_PORTA: 40
LCD_DDRB: ff
LCD_PORTB: 6c
LCD_PORTA: 20
LCD_PORTA: a0
LCD_PORTA: 0
LCD_DDRB: 0
LCD_PORTA: 40
LCD_PORTA: c0
LCD_PORTA: 40
LCD_DDRB: ff
LCD_PORTB: 6c
LCD_PORTA: 20
LCD_PORTA: a0
LCD_PORTA: 0
LCD_DDRB: 0
LCD_PORTA: 40
LCD_PORTA: c0
LCD_PORTA: 40
LCD_DDRB: ff
LCD_PORTB: 6f
LCD_PORTA: 20
LCD_PORTA: a0
LCD_PORTA: 0
LCD_DDRB: 0
LCD_PORTA: 40
LCD_PORTA: c0
LCD_PORTA: 40
LCD_DDRB: ff
LCD_PORTB: 2c
LCD_PORTA: 20
LCD_PORTA: a0
LCD_PORTA: 0
LCD_DDRB: 0
LCD_PORTA: 40
LCD_PORTA: c0
LCD_PORTA: 40
LCD_DDRB: ff
LCD_PORTB: 20
LCD_PORTA: 20
LCD_PORTA: a0
LCD_PORTA: 0
LCD_DDRB: 0
LCD_PORTA: 40
LCD_PORTA: c0
LCD_PORTA: 40
LCD_DDRB: ff
LCD_PORTB: 77
LCD_PORTA: 20
LCD_PORTA: a0
LCD_PORTA: 0
LCD_DDRB: 0
LCD_PORTA: 40
LCD_PORTA: c0
LCD_PORTA: 40
LCD_DDRB: ff
LCD_PORTB: 6f
LCD_PORTA: 20
LCD_PORTA: a0
LCD_PORTA: 0
LCD_DDRB: 0
LCD_PORTA: 40
LCD_PORTA: c0
LCD_PORTA: 40
LCD_DDRB: ff
LCD_PORTB: 72
LCD_PORTA: 20
LCD_PORTA: a0
LCD_PORTA: 0
LCD_DDRB: 0
LCD_PORTA: 40
LCD_PORTA: c0
LCD_PORTA: 40
LCD_DDRB: ff
LCD_PORTB: 6c
LCD_PORTA: 20
LCD_PORTA: a0
LCD_PORTA: 0
LCD_DDRB: 0
LCD_PORTA: 40
LCD_PORTA: c0
LCD_PORTA: 40
LCD_DDRB: ff
LCD_PORTB: 64
LCD_PORTA: 20
LCD_PORTA: a0
LCD_PORTA: 0
LCD_DDRB: 0
LCD_PORTA: 40
LCD_PORTA: c0
LCD_PORTA: 40
LCD_DDRB: ff
LCD_PORTB: 21
LCD_PORTA: 20
LCD_PORTA: a0
LCD_PORTA: 0
LCD_DDRB: 0
LCD_PORTA: 40
LCD_PORTA: c0
LCD_PORTA: 40
LCD_DDRB: ff
LCD_PORTB: 1
LCD_PORTA: 0
LCD_PORTA: 80
LCD_PORTA: 0
LCD_DDRB: 0
LCD_PORTA: 40
LCD_PORTA: c0
LCD_PORTA: 40
LCD_DDRB: ff
LCD_PORTB: 48
LCD_PORTA: 20
LCD_PORTA: a0
LCD_PORTA: 0
LCD_DDRB: 0
LCD_PORTA: 40
LCD_PORTA: c0
LCD_PORTA: 40
LCD_DDRB: ff
LCD_PORTB: 65
LCD_PORTA: 20
LCD_PORTA: a0
LCD_PORTA: 0
LCD_DDRB: 0
LCD_PORTA: 40
LCD_PORTA: c0
LCD_PORTA: 40
LCD_DDRB: ff
LCD_PORTB: 6c
LCD_PORTA: 20
LCD_PORTA: a0
LCD_PORTA: 0
LCD_DDRB: 0
LCD_PORTA: 40
LCD_PORTA: c0
LCD_PORTA: 40
LCD_DDRB: ff
LCD_PORTB: 6c
LCD_PORTA: 20
LCD_PORTA: a0
LCD_PORTA: 0
LCD_DDRB: 0
LCD_PORTA: 40
LCD_PORTA: c0
LCD_PORTA: 40
LCD_DDRB: ff
LCD_PORTB: 6f
LCD_PORTA: 20
LCD_PORTA: a0
LCD_PORTA: 0
LCD_DDRB: 0
LCD_PORTA: 40
LCD_PORTA: c0
LCD_PORTA: 40
LCD_DDRB: ff
LCD_PORTB: 2c
LCD_PORTA: 20
LCD_PORTA: a0
LCD_PORTA: 0
LCD_DDRB: 0
LCD_PORTA: 40
LCD_PORTA: c0
LCD_PORTA: 40
LCD_DDRB: ff
LCD_PORTB: 20
LCD_PORTA: 20
LCD_PORTA: a0
LCD_PORTA: 0
LCD_DDR